{"timestamp":"2026-04-01T11:11:08.016281Z","level":"warning","event":"Error when trying to pre-import module 'airflow.providers.databricks.operator.databricks' found in /opt/airflow/dags/Pipline01.py: No module named 'airflow.providers.databricks.operator'","logger":"processor"}
{"timestamp":"2026-04-01T11:11:08.037084Z","level":"info","event":"Filling up the DagBag from /opt/airflow/dags/Pipline01.py","logger":"airflow.models.dagbag.BundleDagBag","filename":"dagbag.py","lineno":593}
{"timestamp":"2026-04-01T11:11:08.052869Z","level":"error","event":"Failed to import: /opt/airflow/dags/Pipline01.py","logger":"airflow.models.dagbag.BundleDagBag","filename":"dagbag.py","lineno":415,"error_detail":[{"exc_type":"ModuleNotFoundError","exc_value":"No module named 'airflow.providers.databricks.operator'","exc_notes":[],"syntax_error":null,"is_cause":false,"frames":[{"filename":"/home/airflow/.local/lib/python3.12/site-packages/airflow/models/dagbag.py","lineno":405,"name":"parse"},{"filename":"<frozen importlib._bootstrap_external>","lineno":999,"name":"exec_module"},{"filename":"<frozen importlib._bootstrap>","lineno":488,"name":"_call_with_frames_removed"},{"filename":"/opt/airflow/dags/Pipline01.py","lineno":4,"name":"<module>"}],"is_group":false,"exceptions":[]}]}
{"timestamp":"2026-04-01T11:11:38.887784Z","level":"warning","event":"Error when trying to pre-import module 'airflow.providers.databricks.operator.databricks' found in /opt/airflow/dags/Pipline01.py: No module named 'airflow.providers.databricks.operator'","logger":"processor"}
{"timestamp":"2026-04-01T11:11:38.935293Z","level":"info","event":"Filling up the DagBag from /opt/airflow/dags/Pipline01.py","logger":"airflow.models.dagbag.BundleDagBag","filename":"dagbag.py","lineno":593}
{"timestamp":"2026-04-01T11:11:38.954332Z","level":"error","event":"Failed to import: /opt/airflow/dags/Pipline01.py","logger":"airflow.models.dagbag.BundleDagBag","filename":"dagbag.py","lineno":415,"error_detail":[{"exc_type":"ModuleNotFoundError","exc_value":"No module named 'airflow.providers.databricks.operator'","exc_notes":[],"syntax_error":null,"is_cause":false,"frames":[{"filename":"/home/airflow/.local/lib/python3.12/site-packages/airflow/models/dagbag.py","lineno":405,"name":"parse"},{"filename":"<frozen importlib._bootstrap_external>","lineno":999,"name":"exec_module"},{"filename":"<frozen importlib._bootstrap>","lineno":488,"name":"_call_with_frames_removed"},{"filename":"/opt/airflow/dags/Pipline01.py","lineno":4,"name":"<module>"}],"is_group":false,"exceptions":[]}]}
{"timestamp":"2026-04-01T11:12:06.581905Z","level":"info","event":"Filling up the DagBag from /opt/airflow/dags/Pipline01.py","logger":"airflow.models.dagbag.BundleDagBag","filename":"dagbag.py","lineno":593}
{"timestamp":"2026-04-01T11:12:06.613369Z","level":"error","event":"Failed to import: /opt/airflow/dags/Pipline01.py","logger":"airflow.models.dagbag.BundleDagBag","filename":"dagbag.py","lineno":415,"error_detail":[{"exc_type":"TypeError","exc_value":"DAG.__init__() got an unexpected keyword argument 'tag'","exc_notes":[],"syntax_error":null,"is_cause":false,"frames":[{"filename":"/home/airflow/.local/lib/python3.12/site-packages/airflow/models/dagbag.py","lineno":405,"name":"parse"},{"filename":"<frozen importlib._bootstrap_external>","lineno":999,"name":"exec_module"},{"filename":"<frozen importlib._bootstrap>","lineno":488,"name":"_call_with_frames_removed"},{"filename":"/opt/airflow/dags/Pipline01.py","lineno":9,"name":"<module>"}],"is_group":false,"exceptions":[]}]}
{"timestamp":"2026-04-01T11:12:37.092364Z","level":"info","event":"Filling up the DagBag from /opt/airflow/dags/Pipline01.py","logger":"airflow.models.dagbag.BundleDagBag","filename":"dagbag.py","lineno":593}
{"timestamp":"2026-04-01T11:12:37.102908Z","level":"error","event":"Failed to import: /opt/airflow/dags/Pipline01.py","logger":"airflow.models.dagbag.BundleDagBag","filename":"dagbag.py","lineno":415,"error_detail":[{"exc_type":"TypeError","exc_value":"DAG.__init__() got an unexpected keyword argument 'tag'","exc_notes":[],"syntax_error":null,"is_cause":false,"frames":[{"filename":"/home/airflow/.local/lib/python3.12/site-packages/airflow/models/dagbag.py","lineno":405,"name":"parse"},{"filename":"<frozen importlib._bootstrap_external>","lineno":999,"name":"exec_module"},{"filename":"<frozen importlib._bootstrap>","lineno":488,"name":"_call_with_frames_removed"},{"filename":"/opt/airflow/dags/Pipline01.py","lineno":9,"name":"<module>"}],"is_group":false,"exceptions":[]}]}
{"timestamp":"2026-04-01T11:13:07.935049Z","level":"info","event":"Filling up the DagBag from /opt/airflow/dags/Pipline01.py","logger":"airflow.models.dagbag.BundleDagBag","filename":"dagbag.py","lineno":593}
{"timestamp":"2026-04-01T11:13:07.960386Z","level":"error","event":"Failed to import: /opt/airflow/dags/Pipline01.py","logger":"airflow.models.dagbag.BundleDagBag","filename":"dagbag.py","lineno":415,"error_detail":[{"exc_type":"TypeError","exc_value":"DAG.__init__() got an unexpected keyword argument 'tag'","exc_notes":[],"syntax_error":null,"is_cause":false,"frames":[{"filename":"/home/airflow/.local/lib/python3.12/site-packages/airflow/models/dagbag.py","lineno":405,"name":"parse"},{"filename":"<frozen importlib._bootstrap_external>","lineno":999,"name":"exec_module"},{"filename":"<frozen importlib._bootstrap>","lineno":488,"name":"_call_with_frames_removed"},{"filename":"/opt/airflow/dags/Pipline01.py","lineno":9,"name":"<module>"}],"is_group":false,"exceptions":[]}]}
{"timestamp":"2026-04-01T11:13:38.706630Z","level":"info","event":"Filling up the DagBag from /opt/airflow/dags/Pipline01.py","logger":"airflow.models.dagbag.BundleDagBag","filename":"dagbag.py","lineno":593}
{"timestamp":"2026-04-01T11:13:38.725447Z","level":"error","event":"Failed to import: /opt/airflow/dags/Pipline01.py","logger":"airflow.models.dagbag.BundleDagBag","filename":"dagbag.py","lineno":415,"error_detail":[{"exc_type":"TypeError","exc_value":"DAG.__init__() got an unexpected keyword argument 'tag'","exc_notes":[],"syntax_error":null,"is_cause":false,"frames":[{"filename":"/home/airflow/.local/lib/python3.12/site-packages/airflow/models/dagbag.py","lineno":405,"name":"parse"},{"filename":"<frozen importlib._bootstrap_external>","lineno":999,"name":"exec_module"},{"filename":"<frozen importlib._bootstrap>","lineno":488,"name":"_call_with_frames_removed"},{"filename":"/opt/airflow/dags/Pipline01.py","lineno":9,"name":"<module>"}],"is_group":false,"exceptions":[]}]}
{"timestamp":"2026-04-01T11:14:09.261210Z","level":"info","event":"Filling up the DagBag from /opt/airflow/dags/Pipline01.py","logger":"airflow.models.dagbag.BundleDagBag","filename":"dagbag.py","lineno":593}
{"timestamp":"2026-04-01T11:14:09.271885Z","level":"error","event":"Failed to import: /opt/airflow/dags/Pipline01.py","logger":"airflow.models.dagbag.BundleDagBag","filename":"dagbag.py","lineno":415,"error_detail":[{"exc_type":"TypeError","exc_value":"DAG.__init__() got an unexpected keyword argument 'tag'","exc_notes":[],"syntax_error":null,"is_cause":false,"frames":[{"filename":"/home/airflow/.local/lib/python3.12/site-packages/airflow/models/dagbag.py","lineno":405,"name":"parse"},{"filename":"<frozen importlib._bootstrap_external>","lineno":999,"name":"exec_module"},{"filename":"<frozen importlib._bootstrap>","lineno":488,"name":"_call_with_frames_removed"},{"filename":"/opt/airflow/dags/Pipline01.py","lineno":9,"name":"<module>"}],"is_group":false,"exceptions":[]}]}
{"timestamp":"2026-04-01T11:14:39.978230Z","level":"info","event":"Filling up the DagBag from /opt/airflow/dags/Pipline01.py","logger":"airflow.models.dagbag.BundleDagBag","filename":"dagbag.py","lineno":593}
{"timestamp":"2026-04-01T11:14:39.998131Z","level":"error","event":"Failed to import: /opt/airflow/dags/Pipline01.py","logger":"airflow.models.dagbag.BundleDagBag","filename":"dagbag.py","lineno":415,"error_detail":[{"exc_type":"TypeError","exc_value":"DAG.__init__() got an unexpected keyword argument 'tag'","exc_notes":[],"syntax_error":null,"is_cause":false,"frames":[{"filename":"/home/airflow/.local/lib/python3.12/site-packages/airflow/models/dagbag.py","lineno":405,"name":"parse"},{"filename":"<frozen importlib._bootstrap_external>","lineno":999,"name":"exec_module"},{"filename":"<frozen importlib._bootstrap>","lineno":488,"name":"_call_with_frames_removed"},{"filename":"/opt/airflow/dags/Pipline01.py","lineno":9,"name":"<module>"}],"is_group":false,"exceptions":[]}]}
{"timestamp":"2026-04-01T11:14:53.324546Z","level":"info","event":"Filling up the DagBag from /opt/airflow/dags/Pipline01.py","logger":"airflow.models.dagbag.BundleDagBag","filename":"dagbag.py","lineno":593}
{"timestamp":"2026-04-01T11:15:23.967941Z","level":"info","event":"Filling up the DagBag from /opt/airflow/dags/Pipline01.py","logger":"airflow.models.dagbag.BundleDagBag","filename":"dagbag.py","lineno":593}
{"timestamp":"2026-04-01T11:15:55.042285Z","level":"info","event":"Filling up the DagBag from /opt/airflow/dags/Pipline01.py","logger":"airflow.models.dagbag.BundleDagBag","filename":"dagbag.py","lineno":593}
{"timestamp":"2026-04-01T11:16:26.058432Z","level":"info","event":"Filling up the DagBag from /opt/airflow/dags/Pipline01.py","logger":"airflow.models.dagbag.BundleDagBag","filename":"dagbag.py","lineno":593}
{"timestamp":"2026-04-01T11:16:56.399827Z","level":"info","event":"Filling up the DagBag from /opt/airflow/dags/Pipline01.py","logger":"airflow.models.dagbag.BundleDagBag","filename":"dagbag.py","lineno":593}
{"timestamp":"2026-04-01T11:17:26.813623Z","level":"info","event":"Filling up the DagBag from /opt/airflow/dags/Pipline01.py","logger":"airflow.models.dagbag.BundleDagBag","filename":"dagbag.py","lineno":593}
{"timestamp":"2026-04-01T11:17:57.385989Z","level":"info","event":"Filling up the DagBag from /opt/airflow/dags/Pipline01.py","logger":"airflow.models.dagbag.BundleDagBag","filename":"dagbag.py","lineno":593}
{"timestamp":"2026-04-01T11:18:27.686850Z","level":"info","event":"Filling up the DagBag from /opt/airflow/dags/Pipline01.py","logger":"airflow.models.dagbag.BundleDagBag","filename":"dagbag.py","lineno":593}
{"timestamp":"2026-04-01T11:18:58.008396Z","level":"info","event":"Filling up the DagBag from /opt/airflow/dags/Pipline01.py","logger":"airflow.models.dagbag.BundleDagBag","filename":"dagbag.py","lineno":593}
{"timestamp":"2026-04-01T11:19:28.347310Z","level":"info","event":"Filling up the DagBag from /opt/airflow/dags/Pipline01.py","logger":"airflow.models.dagbag.BundleDagBag","filename":"dagbag.py","lineno":593}
{"timestamp":"2026-04-01T11:19:58.968514Z","level":"info","event":"Filling up the DagBag from /opt/airflow/dags/Pipline01.py","logger":"airflow.models.dagbag.BundleDagBag","filename":"dagbag.py","lineno":593}
{"timestamp":"2026-04-01T11:20:29.296200Z","level":"info","event":"Filling up the DagBag from /opt/airflow/dags/Pipline01.py","logger":"airflow.models.dagbag.BundleDagBag","filename":"dagbag.py","lineno":593}
{"timestamp":"2026-04-01T11:20:59.641834Z","level":"info","event":"Filling up the DagBag from /opt/airflow/dags/Pipline01.py","logger":"airflow.models.dagbag.BundleDagBag","filename":"dagbag.py","lineno":593}
{"timestamp":"2026-04-01T11:21:30.124181Z","level":"info","event":"Filling up the DagBag from /opt/airflow/dags/Pipline01.py","logger":"airflow.models.dagbag.BundleDagBag","filename":"dagbag.py","lineno":593}
{"timestamp":"2026-04-01T11:22:01.535539Z","level":"info","event":"Filling up the DagBag from /opt/airflow/dags/Pipline01.py","logger":"airflow.models.dagbag.BundleDagBag","filename":"dagbag.py","lineno":593}
{"timestamp":"2026-04-01T11:22:31.830443Z","level":"info","event":"Filling up the DagBag from /opt/airflow/dags/Pipline01.py","logger":"airflow.models.dagbag.BundleDagBag","filename":"dagbag.py","lineno":593}
{"timestamp":"2026-04-01T11:23:02.449235Z","level":"info","event":"Filling up the DagBag from /opt/airflow/dags/Pipline01.py","logger":"airflow.models.dagbag.BundleDagBag","filename":"dagbag.py","lineno":593}
{"timestamp":"2026-04-01T11:23:32.807305Z","level":"info","event":"Filling up the DagBag from /opt/airflow/dags/Pipline01.py","logger":"airflow.models.dagbag.BundleDagBag","filename":"dagbag.py","lineno":593}
{"timestamp":"2026-04-01T11:24:02.895670Z","level":"info","event":"Filling up the DagBag from /opt/airflow/dags/Pipline01.py","logger":"airflow.models.dagbag.BundleDagBag","filename":"dagbag.py","lineno":593}
{"timestamp":"2026-04-01T11:24:33.207844Z","level":"info","event":"Filling up the DagBag from /opt/airflow/dags/Pipline01.py","logger":"airflow.models.dagbag.BundleDagBag","filename":"dagbag.py","lineno":593}
{"timestamp":"2026-04-01T11:25:03.542848Z","level":"info","event":"Filling up the DagBag from /opt/airflow/dags/Pipline01.py","logger":"airflow.models.dagbag.BundleDagBag","filename":"dagbag.py","lineno":593}
{"timestamp":"2026-04-01T11:25:33.907583Z","level":"info","event":"Filling up the DagBag from /opt/airflow/dags/Pipline01.py","logger":"airflow.models.dagbag.BundleDagBag","filename":"dagbag.py","lineno":593}
{"timestamp":"2026-04-01T11:30:50.548678Z","level":"info","event":"Filling up the DagBag from /opt/airflow/dags/Pipline01.py","logger":"airflow.models.dagbag.BundleDagBag","filename":"dagbag.py","lineno":593}
{"timestamp":"2026-04-01T11:31:20.926040Z","level":"info","event":"Filling up the DagBag from /opt/airflow/dags/Pipline01.py","logger":"airflow.models.dagbag.BundleDagBag","filename":"dagbag.py","lineno":593}
{"timestamp":"2026-04-01T11:31:31.006948Z","level":"info","event":"Filling up the DagBag from /opt/airflow/dags/Pipline01.py","logger":"airflow.models.dagbag.BundleDagBag","filename":"dagbag.py","lineno":593}
{"timestamp":"2026-04-01T11:32:01.996040Z","level":"info","event":"Filling up the DagBag from /opt/airflow/dags/Pipline01.py","logger":"airflow.models.dagbag.BundleDagBag","filename":"dagbag.py","lineno":593}
{"timestamp":"2026-04-01T11:32:32.125722Z","level":"info","event":"Filling up the DagBag from /opt/airflow/dags/Pipline01.py","logger":"airflow.models.dagbag.BundleDagBag","filename":"dagbag.py","lineno":593}
{"timestamp":"2026-04-01T11:33:02.575897Z","level":"info","event":"Filling up the DagBag from /opt/airflow/dags/Pipline01.py","logger":"airflow.models.dagbag.BundleDagBag","filename":"dagbag.py","lineno":593}
{"timestamp":"2026-04-01T11:33:32.895573Z","level":"info","event":"Filling up the DagBag from /opt/airflow/dags/Pipline01.py","logger":"airflow.models.dagbag.BundleDagBag","filename":"dagbag.py","lineno":593}
{"timestamp":"2026-04-01T11:34:03.252976Z","level":"info","event":"Filling up the DagBag from /opt/airflow/dags/Pipline01.py","logger":"airflow.models.dagbag.BundleDagBag","filename":"dagbag.py","lineno":593}
{"timestamp":"2026-04-01T11:34:34.038639Z","level":"info","event":"Filling up the DagBag from /opt/airflow/dags/Pipline01.py","logger":"airflow.models.dagbag.BundleDagBag","filename":"dagbag.py","lineno":593}
{"timestamp":"2026-04-01T11:35:04.745310Z","level":"info","event":"Filling up the DagBag from /opt/airflow/dags/Pipline01.py","logger":"airflow.models.dagbag.BundleDagBag","filename":"dagbag.py","lineno":593}
{"timestamp":"2026-04-01T11:35:35.261389Z","level":"info","event":"Filling up the DagBag from /opt/airflow/dags/Pipline01.py","logger":"airflow.models.dagbag.BundleDagBag","filename":"dagbag.py","lineno":593}
{"timestamp":"2026-04-01T11:36:05.732167Z","level":"info","event":"Filling up the DagBag from /opt/airflow/dags/Pipline01.py","logger":"airflow.models.dagbag.BundleDagBag","filename":"dagbag.py","lineno":593}
{"timestamp":"2026-04-01T11:36:35.873007Z","level":"info","event":"Filling up the DagBag from /opt/airflow/dags/Pipline01.py","logger":"airflow.models.dagbag.BundleDagBag","filename":"dagbag.py","lineno":593}
{"timestamp":"2026-04-01T11:37:06.555409Z","level":"info","event":"Filling up the DagBag from /opt/airflow/dags/Pipline01.py","logger":"airflow.models.dagbag.BundleDagBag","filename":"dagbag.py","lineno":593}
{"timestamp":"2026-04-01T11:37:36.701981Z","level":"info","event":"Filling up the DagBag from /opt/airflow/dags/Pipline01.py","logger":"airflow.models.dagbag.BundleDagBag","filename":"dagbag.py","lineno":593}
{"timestamp":"2026-04-01T11:38:07.005763Z","level":"info","event":"Filling up the DagBag from /opt/airflow/dags/Pipline01.py","logger":"airflow.models.dagbag.BundleDagBag","filename":"dagbag.py","lineno":593}
{"timestamp":"2026-04-01T11:38:37.754734Z","level":"info","event":"Filling up the DagBag from /opt/airflow/dags/Pipline01.py","logger":"airflow.models.dagbag.BundleDagBag","filename":"dagbag.py","lineno":593}
{"timestamp":"2026-04-01T11:39:07.944739Z","level":"info","event":"Filling up the DagBag from /opt/airflow/dags/Pipline01.py","logger":"airflow.models.dagbag.BundleDagBag","filename":"dagbag.py","lineno":593}
{"timestamp":"2026-04-01T11:39:38.308925Z","level":"info","event":"Filling up the DagBag from /opt/airflow/dags/Pipline01.py","logger":"airflow.models.dagbag.BundleDagBag","filename":"dagbag.py","lineno":593}
{"timestamp":"2026-04-01T11:40:08.459826Z","level":"info","event":"Filling up the DagBag from /opt/airflow/dags/Pipline01.py","logger":"airflow.models.dagbag.BundleDagBag","filename":"dagbag.py","lineno":593}
{"timestamp":"2026-04-01T11:40:39.263679Z","level":"info","event":"Filling up the DagBag from /opt/airflow/dags/Pipline01.py","logger":"airflow.models.dagbag.BundleDagBag","filename":"dagbag.py","lineno":593}
{"timestamp":"2026-04-01T11:41:09.514046Z","level":"info","event":"Filling up the DagBag from /opt/airflow/dags/Pipline01.py","logger":"airflow.models.dagbag.BundleDagBag","filename":"dagbag.py","lineno":593}
{"timestamp":"2026-04-01T11:41:41.260781Z","level":"info","event":"Filling up the DagBag from /opt/airflow/dags/Pipline01.py","logger":"airflow.models.dagbag.BundleDagBag","filename":"dagbag.py","lineno":593}
{"timestamp":"2026-04-01T11:42:12.531103Z","level":"info","event":"Filling up the DagBag from /opt/airflow/dags/Pipline01.py","logger":"airflow.models.dagbag.BundleDagBag","filename":"dagbag.py","lineno":593}
{"timestamp":"2026-04-01T11:42:44.316886Z","level":"info","event":"Filling up the DagBag from /opt/airflow/dags/Pipline01.py","logger":"airflow.models.dagbag.BundleDagBag","filename":"dagbag.py","lineno":593}
{"timestamp":"2026-04-01T11:43:15.632074Z","level":"info","event":"Filling up the DagBag from /opt/airflow/dags/Pipline01.py","logger":"airflow.models.dagbag.BundleDagBag","filename":"dagbag.py","lineno":593}
{"timestamp":"2026-04-01T11:43:46.955907Z","level":"info","event":"Filling up the DagBag from /opt/airflow/dags/Pipline01.py","logger":"airflow.models.dagbag.BundleDagBag","filename":"dagbag.py","lineno":593}
{"timestamp":"2026-04-01T11:44:18.256214Z","level":"info","event":"Filling up the DagBag from /opt/airflow/dags/Pipline01.py","logger":"airflow.models.dagbag.BundleDagBag","filename":"dagbag.py","lineno":593}
{"timestamp":"2026-04-01T11:44:49.649502Z","level":"info","event":"Filling up the DagBag from /opt/airflow/dags/Pipline01.py","logger":"airflow.models.dagbag.BundleDagBag","filename":"dagbag.py","lineno":593}
{"timestamp":"2026-04-01T11:45:21.392167Z","level":"info","event":"Filling up the DagBag from /opt/airflow/dags/Pipline01.py","logger":"airflow.models.dagbag.BundleDagBag","filename":"dagbag.py","lineno":593}
{"timestamp":"2026-04-01T11:45:52.413307Z","level":"info","event":"Filling up the DagBag from /opt/airflow/dags/Pipline01.py","logger":"airflow.models.dagbag.BundleDagBag","filename":"dagbag.py","lineno":593}
{"timestamp":"2026-04-01T11:46:23.612148Z","level":"info","event":"Filling up the DagBag from /opt/airflow/dags/Pipline01.py","logger":"airflow.models.dagbag.BundleDagBag","filename":"dagbag.py","lineno":593}
{"timestamp":"2026-04-01T11:46:54.572540Z","level":"info","event":"Filling up the DagBag from /opt/airflow/dags/Pipline01.py","logger":"airflow.models.dagbag.BundleDagBag","filename":"dagbag.py","lineno":593}
{"timestamp":"2026-04-01T11:47:26.610418Z","level":"info","event":"Filling up the DagBag from /opt/airflow/dags/Pipline01.py","logger":"airflow.models.dagbag.BundleDagBag","filename":"dagbag.py","lineno":593}
{"timestamp":"2026-04-01T11:47:57.749760Z","level":"info","event":"Filling up the DagBag from /opt/airflow/dags/Pipline01.py","logger":"airflow.models.dagbag.BundleDagBag","filename":"dagbag.py","lineno":593}
{"timestamp":"2026-04-01T11:48:29.130416Z","level":"info","event":"Filling up the DagBag from /opt/airflow/dags/Pipline01.py","logger":"airflow.models.dagbag.BundleDagBag","filename":"dagbag.py","lineno":593}
{"timestamp":"2026-04-01T11:49:00.559442Z","level":"info","event":"Filling up the DagBag from /opt/airflow/dags/Pipline01.py","logger":"airflow.models.dagbag.BundleDagBag","filename":"dagbag.py","lineno":593}
{"timestamp":"2026-04-01T11:49:31.854679Z","level":"info","event":"Filling up the DagBag from /opt/airflow/dags/Pipline01.py","logger":"airflow.models.dagbag.BundleDagBag","filename":"dagbag.py","lineno":593}
{"timestamp":"2026-04-01T11:50:03.013198Z","level":"info","event":"Filling up the DagBag from /opt/airflow/dags/Pipline01.py","logger":"airflow.models.dagbag.BundleDagBag","filename":"dagbag.py","lineno":593}
{"timestamp":"2026-04-01T11:50:34.027215Z","level":"info","event":"Filling up the DagBag from /opt/airflow/dags/Pipline01.py","logger":"airflow.models.dagbag.BundleDagBag","filename":"dagbag.py","lineno":593}
{"timestamp":"2026-04-01T11:51:04.688374Z","level":"info","event":"Filling up the DagBag from /opt/airflow/dags/Pipline01.py","logger":"airflow.models.dagbag.BundleDagBag","filename":"dagbag.py","lineno":593}
{"timestamp":"2026-04-01T11:51:34.926151Z","level":"info","event":"Filling up the DagBag from /opt/airflow/dags/Pipline01.py","logger":"airflow.models.dagbag.BundleDagBag","filename":"dagbag.py","lineno":593}
{"timestamp":"2026-04-01T11:52:05.794635Z","level":"info","event":"Filling up the DagBag from /opt/airflow/dags/Pipline01.py","logger":"airflow.models.dagbag.BundleDagBag","filename":"dagbag.py","lineno":593}
{"timestamp":"2026-04-01T11:52:35.923361Z","level":"info","event":"Filling up the DagBag from /opt/airflow/dags/Pipline01.py","logger":"airflow.models.dagbag.BundleDagBag","filename":"dagbag.py","lineno":593}
{"timestamp":"2026-04-01T11:53:06.748617Z","level":"info","event":"Filling up the DagBag from /opt/airflow/dags/Pipline01.py","logger":"airflow.models.dagbag.BundleDagBag","filename":"dagbag.py","lineno":593}
{"timestamp":"2026-04-01T11:53:37.415966Z","level":"info","event":"Filling up the DagBag from /opt/airflow/dags/Pipline01.py","logger":"airflow.models.dagbag.BundleDagBag","filename":"dagbag.py","lineno":593}
{"timestamp":"2026-04-01T11:54:08.413561Z","level":"info","event":"Filling up the DagBag from /opt/airflow/dags/Pipline01.py","logger":"airflow.models.dagbag.BundleDagBag","filename":"dagbag.py","lineno":593}
{"timestamp":"2026-04-01T11:54:39.288264Z","level":"info","event":"Filling up the DagBag from /opt/airflow/dags/Pipline01.py","logger":"airflow.models.dagbag.BundleDagBag","filename":"dagbag.py","lineno":593}
{"timestamp":"2026-04-01T11:55:10.312030Z","level":"info","event":"Filling up the DagBag from /opt/airflow/dags/Pipline01.py","logger":"airflow.models.dagbag.BundleDagBag","filename":"dagbag.py","lineno":593}
{"timestamp":"2026-04-01T11:55:40.724370Z","level":"info","event":"Filling up the DagBag from /opt/airflow/dags/Pipline01.py","logger":"airflow.models.dagbag.BundleDagBag","filename":"dagbag.py","lineno":593}
{"timestamp":"2026-04-01T11:56:10.904563Z","level":"info","event":"Filling up the DagBag from /opt/airflow/dags/Pipline01.py","logger":"airflow.models.dagbag.BundleDagBag","filename":"dagbag.py","lineno":593}
{"timestamp":"2026-04-01T11:56:41.619884Z","level":"info","event":"Filling up the DagBag from /opt/airflow/dags/Pipline01.py","logger":"airflow.models.dagbag.BundleDagBag","filename":"dagbag.py","lineno":593}
{"timestamp":"2026-04-01T11:57:11.977028Z","level":"info","event":"Filling up the DagBag from /opt/airflow/dags/Pipline01.py","logger":"airflow.models.dagbag.BundleDagBag","filename":"dagbag.py","lineno":593}
{"timestamp":"2026-04-01T11:57:42.349524Z","level":"info","event":"Filling up the DagBag from /opt/airflow/dags/Pipline01.py","logger":"airflow.models.dagbag.BundleDagBag","filename":"dagbag.py","lineno":593}
{"timestamp":"2026-04-01T11:58:13.198052Z","level":"info","event":"Filling up the DagBag from /opt/airflow/dags/Pipline01.py","logger":"airflow.models.dagbag.BundleDagBag","filename":"dagbag.py","lineno":593}
{"timestamp":"2026-04-01T11:58:43.787114Z","level":"info","event":"Filling up the DagBag from /opt/airflow/dags/Pipline01.py","logger":"airflow.models.dagbag.BundleDagBag","filename":"dagbag.py","lineno":593}
{"timestamp":"2026-04-01T11:59:14.216114Z","level":"info","event":"Filling up the DagBag from /opt/airflow/dags/Pipline01.py","logger":"airflow.models.dagbag.BundleDagBag","filename":"dagbag.py","lineno":593}
{"timestamp":"2026-04-01T11:59:44.875485Z","level":"info","event":"Filling up the DagBag from /opt/airflow/dags/Pipline01.py","logger":"airflow.models.dagbag.BundleDagBag","filename":"dagbag.py","lineno":593}
{"timestamp":"2026-04-01T12:00:15.478580Z","level":"info","event":"Filling up the DagBag from /opt/airflow/dags/Pipline01.py","logger":"airflow.models.dagbag.BundleDagBag","filename":"dagbag.py","lineno":593}
{"timestamp":"2026-04-01T12:00:45.761555Z","level":"info","event":"Filling up the DagBag from /opt/airflow/dags/Pipline01.py","logger":"airflow.models.dagbag.BundleDagBag","filename":"dagbag.py","lineno":593}
{"timestamp":"2026-04-01T12:01:16.359450Z","level":"info","event":"Filling up the DagBag from /opt/airflow/dags/Pipline01.py","logger":"airflow.models.dagbag.BundleDagBag","filename":"dagbag.py","lineno":593}
{"timestamp":"2026-04-01T12:01:46.814015Z","level":"info","event":"Filling up the DagBag from /opt/airflow/dags/Pipline01.py","logger":"airflow.models.dagbag.BundleDagBag","filename":"dagbag.py","lineno":593}
{"timestamp":"2026-04-01T12:02:17.530847Z","level":"info","event":"Filling up the DagBag from /opt/airflow/dags/Pipline01.py","logger":"airflow.models.dagbag.BundleDagBag","filename":"dagbag.py","lineno":593}
{"timestamp":"2026-04-01T12:02:48.033994Z","level":"info","event":"Filling up the DagBag from /opt/airflow/dags/Pipline01.py","logger":"airflow.models.dagbag.BundleDagBag","filename":"dagbag.py","lineno":593}
{"timestamp":"2026-04-01T12:03:19.501266Z","level":"info","event":"Filling up the DagBag from /opt/airflow/dags/Pipline01.py","logger":"airflow.models.dagbag.BundleDagBag","filename":"dagbag.py","lineno":593}
{"timestamp":"2026-04-01T12:03:51.971388Z","level":"info","event":"Filling up the DagBag from /opt/airflow/dags/Pipline01.py","logger":"airflow.models.dagbag.BundleDagBag","filename":"dagbag.py","lineno":593}
{"timestamp":"2026-04-01T12:04:23.452959Z","level":"info","event":"Filling up the DagBag from /opt/airflow/dags/Pipline01.py","logger":"airflow.models.dagbag.BundleDagBag","filename":"dagbag.py","lineno":593}
{"timestamp":"2026-04-01T12:04:53.768839Z","level":"info","event":"Filling up the DagBag from /opt/airflow/dags/Pipline01.py","logger":"airflow.models.dagbag.BundleDagBag","filename":"dagbag.py","lineno":593}
{"timestamp":"2026-04-01T12:05:24.446229Z","level":"info","event":"Filling up the DagBag from /opt/airflow/dags/Pipline01.py","logger":"airflow.models.dagbag.BundleDagBag","filename":"dagbag.py","lineno":593}
{"timestamp":"2026-04-01T12:05:55.027951Z","level":"info","event":"Filling up the DagBag from /opt/airflow/dags/Pipline01.py","logger":"airflow.models.dagbag.BundleDagBag","filename":"dagbag.py","lineno":593}
{"timestamp":"2026-04-01T12:06:25.284013Z","level":"info","event":"Filling up the DagBag from /opt/airflow/dags/Pipline01.py","logger":"airflow.models.dagbag.BundleDagBag","filename":"dagbag.py","lineno":593}
{"timestamp":"2026-04-01T12:06:55.845708Z","level":"info","event":"Filling up the DagBag from /opt/airflow/dags/Pipline01.py","logger":"airflow.models.dagbag.BundleDagBag","filename":"dagbag.py","lineno":593}
{"timestamp":"2026-04-01T12:07:26.279972Z","level":"info","event":"Filling up the DagBag from /opt/airflow/dags/Pipline01.py","logger":"airflow.models.dagbag.BundleDagBag","filename":"dagbag.py","lineno":593}
{"timestamp":"2026-04-01T12:07:56.498249Z","level":"info","event":"Filling up the DagBag from /opt/airflow/dags/Pipline01.py","logger":"airflow.models.dagbag.BundleDagBag","filename":"dagbag.py","lineno":593}
{"timestamp":"2026-04-01T12:08:26.825748Z","level":"info","event":"Filling up the DagBag from /opt/airflow/dags/Pipline01.py","logger":"airflow.models.dagbag.BundleDagBag","filename":"dagbag.py","lineno":593}
{"timestamp":"2026-04-01T12:08:57.173741Z","level":"info","event":"Filling up the DagBag from /opt/airflow/dags/Pipline01.py","logger":"airflow.models.dagbag.BundleDagBag","filename":"dagbag.py","lineno":593}
{"timestamp":"2026-04-01T12:09:27.627904Z","level":"info","event":"Filling up the DagBag from /opt/airflow/dags/Pipline01.py","logger":"airflow.models.dagbag.BundleDagBag","filename":"dagbag.py","lineno":593}
{"timestamp":"2026-04-01T12:09:58.321294Z","level":"info","event":"Filling up the DagBag from /opt/airflow/dags/Pipline01.py","logger":"airflow.models.dagbag.BundleDagBag","filename":"dagbag.py","lineno":593}
{"timestamp":"2026-04-01T12:10:29.146223Z","level":"info","event":"Filling up the DagBag from /opt/airflow/dags/Pipline01.py","logger":"airflow.models.dagbag.BundleDagBag","filename":"dagbag.py","lineno":593}
{"timestamp":"2026-04-01T12:10:59.748432Z","level":"info","event":"Filling up the DagBag from /opt/airflow/dags/Pipline01.py","logger":"airflow.models.dagbag.BundleDagBag","filename":"dagbag.py","lineno":593}
{"timestamp":"2026-04-01T12:11:30.130976Z","level":"info","event":"Filling up the DagBag from /opt/airflow/dags/Pipline01.py","logger":"airflow.models.dagbag.BundleDagBag","filename":"dagbag.py","lineno":593}
{"timestamp":"2026-04-01T12:12:00.250538Z","level":"info","event":"Filling up the DagBag from /opt/airflow/dags/Pipline01.py","logger":"airflow.models.dagbag.BundleDagBag","filename":"dagbag.py","lineno":593}
{"timestamp":"2026-04-01T12:12:30.735590Z","level":"info","event":"Filling up the DagBag from /opt/airflow/dags/Pipline01.py","logger":"airflow.models.dagbag.BundleDagBag","filename":"dagbag.py","lineno":593}
{"timestamp":"2026-04-01T12:13:01.355119Z","level":"info","event":"Filling up the DagBag from /opt/airflow/dags/Pipline01.py","logger":"airflow.models.dagbag.BundleDagBag","filename":"dagbag.py","lineno":593}
{"timestamp":"2026-04-01T12:13:32.134271Z","level":"info","event":"Filling up the DagBag from /opt/airflow/dags/Pipline01.py","logger":"airflow.models.dagbag.BundleDagBag","filename":"dagbag.py","lineno":593}
{"timestamp":"2026-04-01T12:14:03.357958Z","level":"info","event":"Filling up the DagBag from /opt/airflow/dags/Pipline01.py","logger":"airflow.models.dagbag.BundleDagBag","filename":"dagbag.py","lineno":593}
{"timestamp":"2026-04-01T12:14:33.769659Z","level":"info","event":"Filling up the DagBag from /opt/airflow/dags/Pipline01.py","logger":"airflow.models.dagbag.BundleDagBag","filename":"dagbag.py","lineno":593}
{"timestamp":"2026-04-01T12:15:04.030311Z","level":"info","event":"Filling up the DagBag from /opt/airflow/dags/Pipline01.py","logger":"airflow.models.dagbag.BundleDagBag","filename":"dagbag.py","lineno":593}
{"timestamp":"2026-04-01T12:15:34.803569Z","level":"info","event":"Filling up the DagBag from /opt/airflow/dags/Pipline01.py","logger":"airflow.models.dagbag.BundleDagBag","filename":"dagbag.py","lineno":593}
{"timestamp":"2026-04-01T12:16:05.781556Z","level":"info","event":"Filling up the DagBag from /opt/airflow/dags/Pipline01.py","logger":"airflow.models.dagbag.BundleDagBag","filename":"dagbag.py","lineno":593}
{"timestamp":"2026-04-01T12:16:36.200438Z","level":"info","event":"Filling up the DagBag from /opt/airflow/dags/Pipline01.py","logger":"airflow.models.dagbag.BundleDagBag","filename":"dagbag.py","lineno":593}
{"timestamp":"2026-04-01T12:17:07.489090Z","level":"info","event":"Filling up the DagBag from /opt/airflow/dags/Pipline01.py","logger":"airflow.models.dagbag.BundleDagBag","filename":"dagbag.py","lineno":593}
{"timestamp":"2026-04-01T12:17:37.986660Z","level":"info","event":"Filling up the DagBag from /opt/airflow/dags/Pipline01.py","logger":"airflow.models.dagbag.BundleDagBag","filename":"dagbag.py","lineno":593}
{"timestamp":"2026-04-01T12:18:11.424873Z","level":"info","event":"Filling up the DagBag from /opt/airflow/dags/Pipline01.py","logger":"airflow.models.dagbag.BundleDagBag","filename":"dagbag.py","lineno":593}
{"timestamp":"2026-04-01T12:18:42.863844Z","level":"info","event":"Filling up the DagBag from /opt/airflow/dags/Pipline01.py","logger":"airflow.models.dagbag.BundleDagBag","filename":"dagbag.py","lineno":593}
{"timestamp":"2026-04-01T12:19:13.229965Z","level":"info","event":"Filling up the DagBag from /opt/airflow/dags/Pipline01.py","logger":"airflow.models.dagbag.BundleDagBag","filename":"dagbag.py","lineno":593}
{"timestamp":"2026-04-01T12:19:43.929278Z","level":"info","event":"Filling up the DagBag from /opt/airflow/dags/Pipline01.py","logger":"airflow.models.dagbag.BundleDagBag","filename":"dagbag.py","lineno":593}
{"timestamp":"2026-04-01T12:20:14.404852Z","level":"info","event":"Filling up the DagBag from /opt/airflow/dags/Pipline01.py","logger":"airflow.models.dagbag.BundleDagBag","filename":"dagbag.py","lineno":593}
{"timestamp":"2026-04-01T12:20:45.065113Z","level":"info","event":"Filling up the DagBag from /opt/airflow/dags/Pipline01.py","logger":"airflow.models.dagbag.BundleDagBag","filename":"dagbag.py","lineno":593}
{"timestamp":"2026-04-01T12:21:15.718877Z","level":"info","event":"Filling up the DagBag from /opt/airflow/dags/Pipline01.py","logger":"airflow.models.dagbag.BundleDagBag","filename":"dagbag.py","lineno":593}
{"timestamp":"2026-04-01T12:21:46.333050Z","level":"info","event":"Filling up the DagBag from /opt/airflow/dags/Pipline01.py","logger":"airflow.models.dagbag.BundleDagBag","filename":"dagbag.py","lineno":593}
{"timestamp":"2026-04-01T12:22:17.305948Z","level":"info","event":"Filling up the DagBag from /opt/airflow/dags/Pipline01.py","logger":"airflow.models.dagbag.BundleDagBag","filename":"dagbag.py","lineno":593}
{"timestamp":"2026-04-01T12:22:47.902707Z","level":"info","event":"Filling up the DagBag from /opt/airflow/dags/Pipline01.py","logger":"airflow.models.dagbag.BundleDagBag","filename":"dagbag.py","lineno":593}
{"timestamp":"2026-04-01T12:23:18.328945Z","level":"info","event":"Filling up the DagBag from /opt/airflow/dags/Pipline01.py","logger":"airflow.models.dagbag.BundleDagBag","filename":"dagbag.py","lineno":593}
{"timestamp":"2026-04-01T12:23:48.561099Z","level":"info","event":"Filling up the DagBag from /opt/airflow/dags/Pipline01.py","logger":"airflow.models.dagbag.BundleDagBag","filename":"dagbag.py","lineno":593}
{"timestamp":"2026-04-01T12:24:18.826028Z","level":"info","event":"Filling up the DagBag from /opt/airflow/dags/Pipline01.py","logger":"airflow.models.dagbag.BundleDagBag","filename":"dagbag.py","lineno":593}
{"timestamp":"2026-04-01T12:24:49.133652Z","level":"info","event":"Filling up the DagBag from /opt/airflow/dags/Pipline01.py","logger":"airflow.models.dagbag.BundleDagBag","filename":"dagbag.py","lineno":593}
{"timestamp":"2026-04-01T12:25:19.489543Z","level":"info","event":"Filling up the DagBag from /opt/airflow/dags/Pipline01.py","logger":"airflow.models.dagbag.BundleDagBag","filename":"dagbag.py","lineno":593}
{"timestamp":"2026-04-01T12:25:49.769471Z","level":"info","event":"Filling up the DagBag from /opt/airflow/dags/Pipline01.py","logger":"airflow.models.dagbag.BundleDagBag","filename":"dagbag.py","lineno":593}
{"timestamp":"2026-04-01T12:26:20.338191Z","level":"info","event":"Filling up the DagBag from /opt/airflow/dags/Pipline01.py","logger":"airflow.models.dagbag.BundleDagBag","filename":"dagbag.py","lineno":593}
{"timestamp":"2026-04-01T12:26:50.695464Z","level":"info","event":"Filling up the DagBag from /opt/airflow/dags/Pipline01.py","logger":"airflow.models.dagbag.BundleDagBag","filename":"dagbag.py","lineno":593}
{"timestamp":"2026-04-01T12:27:21.569216Z","level":"info","event":"Filling up the DagBag from /opt/airflow/dags/Pipline01.py","logger":"airflow.models.dagbag.BundleDagBag","filename":"dagbag.py","lineno":593}
{"timestamp":"2026-04-01T13:35:26.135595Z","level":"info","event":"Filling up the DagBag from /opt/airflow/dags/Pipline01.py","logger":"airflow.models.dagbag.BundleDagBag","filename":"dagbag.py","lineno":593}
{"timestamp":"2026-04-01T13:35:56.786290Z","level":"info","event":"Filling up the DagBag from /opt/airflow/dags/Pipline01.py","logger":"airflow.models.dagbag.BundleDagBag","filename":"dagbag.py","lineno":593}
{"timestamp":"2026-04-01T13:36:27.865712Z","level":"info","event":"Filling up the DagBag from /opt/airflow/dags/Pipline01.py","logger":"airflow.models.dagbag.BundleDagBag","filename":"dagbag.py","lineno":593}
{"timestamp":"2026-04-01T13:36:58.794678Z","level":"info","event":"Filling up the DagBag from /opt/airflow/dags/Pipline01.py","logger":"airflow.models.dagbag.BundleDagBag","filename":"dagbag.py","lineno":593}
{"timestamp":"2026-04-01T13:37:29.920664Z","level":"info","event":"Filling up the DagBag from /opt/airflow/dags/Pipline01.py","logger":"airflow.models.dagbag.BundleDagBag","filename":"dagbag.py","lineno":593}
{"timestamp":"2026-04-01T13:38:00.476265Z","level":"info","event":"Filling up the DagBag from /opt/airflow/dags/Pipline01.py","logger":"airflow.models.dagbag.BundleDagBag","filename":"dagbag.py","lineno":593}
{"timestamp":"2026-04-01T13:38:31.225199Z","level":"info","event":"Filling up the DagBag from /opt/airflow/dags/Pipline01.py","logger":"airflow.models.dagbag.BundleDagBag","filename":"dagbag.py","lineno":593}
{"timestamp":"2026-04-01T13:39:01.875022Z","level":"info","event":"Filling up the DagBag from /opt/airflow/dags/Pipline01.py","logger":"airflow.models.dagbag.BundleDagBag","filename":"dagbag.py","lineno":593}
{"timestamp":"2026-04-01T13:39:32.108551Z","level":"info","event":"Filling up the DagBag from /opt/airflow/dags/Pipline01.py","logger":"airflow.models.dagbag.BundleDagBag","filename":"dagbag.py","lineno":593}
{"timestamp":"2026-04-01T13:40:02.591316Z","level":"info","event":"Filling up the DagBag from /opt/airflow/dags/Pipline01.py","logger":"airflow.models.dagbag.BundleDagBag","filename":"dagbag.py","lineno":593}
{"timestamp":"2026-04-01T13:40:33.309884Z","level":"info","event":"Filling up the DagBag from /opt/airflow/dags/Pipline01.py","logger":"airflow.models.dagbag.BundleDagBag","filename":"dagbag.py","lineno":593}
{"timestamp":"2026-04-01T13:41:03.547315Z","level":"info","event":"Filling up the DagBag from /opt/airflow/dags/Pipline01.py","logger":"airflow.models.dagbag.BundleDagBag","filename":"dagbag.py","lineno":593}
{"timestamp":"2026-04-01T13:41:33.875230Z","level":"info","event":"Filling up the DagBag from /opt/airflow/dags/Pipline01.py","logger":"airflow.models.dagbag.BundleDagBag","filename":"dagbag.py","lineno":593}
{"timestamp":"2026-04-01T13:42:04.701130Z","level":"info","event":"Filling up the DagBag from /opt/airflow/dags/Pipline01.py","logger":"airflow.models.dagbag.BundleDagBag","filename":"dagbag.py","lineno":593}
{"timestamp":"2026-04-01T13:42:35.413770Z","level":"info","event":"Filling up the DagBag from /opt/airflow/dags/Pipline01.py","logger":"airflow.models.dagbag.BundleDagBag","filename":"dagbag.py","lineno":593}
{"timestamp":"2026-04-01T13:43:05.833859Z","level":"info","event":"Filling up the DagBag from /opt/airflow/dags/Pipline01.py","logger":"airflow.models.dagbag.BundleDagBag","filename":"dagbag.py","lineno":593}
{"timestamp":"2026-04-01T13:43:36.074711Z","level":"info","event":"Filling up the DagBag from /opt/airflow/dags/Pipline01.py","logger":"airflow.models.dagbag.BundleDagBag","filename":"dagbag.py","lineno":593}
{"timestamp":"2026-04-01T13:44:06.357764Z","level":"info","event":"Filling up the DagBag from /opt/airflow/dags/Pipline01.py","logger":"airflow.models.dagbag.BundleDagBag","filename":"dagbag.py","lineno":593}
{"timestamp":"2026-04-01T13:44:36.509560Z","level":"info","event":"Filling up the DagBag from /opt/airflow/dags/Pipline01.py","logger":"airflow.models.dagbag.BundleDagBag","filename":"dagbag.py","lineno":593}
{"timestamp":"2026-04-01T13:45:07.884443Z","level":"info","event":"Filling up the DagBag from /opt/airflow/dags/Pipline01.py","logger":"airflow.models.dagbag.BundleDagBag","filename":"dagbag.py","lineno":593}
{"timestamp":"2026-04-01T13:45:39.366050Z","level":"info","event":"Filling up the DagBag from /opt/airflow/dags/Pipline01.py","logger":"airflow.models.dagbag.BundleDagBag","filename":"dagbag.py","lineno":593}
{"timestamp":"2026-04-01T13:46:11.189608Z","level":"info","event":"Filling up the DagBag from /opt/airflow/dags/Pipline01.py","logger":"airflow.models.dagbag.BundleDagBag","filename":"dagbag.py","lineno":593}
{"timestamp":"2026-04-01T13:46:43.168638Z","level":"info","event":"Filling up the DagBag from /opt/airflow/dags/Pipline01.py","logger":"airflow.models.dagbag.BundleDagBag","filename":"dagbag.py","lineno":593}
{"timestamp":"2026-04-01T13:47:14.681238Z","level":"info","event":"Filling up the DagBag from /opt/airflow/dags/Pipline01.py","logger":"airflow.models.dagbag.BundleDagBag","filename":"dagbag.py","lineno":593}
{"timestamp":"2026-04-01T13:47:46.513329Z","level":"info","event":"Filling up the DagBag from /opt/airflow/dags/Pipline01.py","logger":"airflow.models.dagbag.BundleDagBag","filename":"dagbag.py","lineno":593}
{"timestamp":"2026-04-01T13:48:18.223384Z","level":"info","event":"Filling up the DagBag from /opt/airflow/dags/Pipline01.py","logger":"airflow.models.dagbag.BundleDagBag","filename":"dagbag.py","lineno":593}
{"timestamp":"2026-04-01T13:48:49.687596Z","level":"info","event":"Filling up the DagBag from /opt/airflow/dags/Pipline01.py","logger":"airflow.models.dagbag.BundleDagBag","filename":"dagbag.py","lineno":593}
{"timestamp":"2026-04-01T13:49:21.673564Z","level":"info","event":"Filling up the DagBag from /opt/airflow/dags/Pipline01.py","logger":"airflow.models.dagbag.BundleDagBag","filename":"dagbag.py","lineno":593}
{"timestamp":"2026-04-01T13:49:53.895575Z","level":"info","event":"Filling up the DagBag from /opt/airflow/dags/Pipline01.py","logger":"airflow.models.dagbag.BundleDagBag","filename":"dagbag.py","lineno":593}
{"timestamp":"2026-04-01T13:50:25.290174Z","level":"info","event":"Filling up the DagBag from /opt/airflow/dags/Pipline01.py","logger":"airflow.models.dagbag.BundleDagBag","filename":"dagbag.py","lineno":593}
{"timestamp":"2026-04-01T13:50:56.691610Z","level":"info","event":"Filling up the DagBag from /opt/airflow/dags/Pipline01.py","logger":"airflow.models.dagbag.BundleDagBag","filename":"dagbag.py","lineno":593}
{"timestamp":"2026-04-01T13:51:27.183077Z","level":"info","event":"Filling up the DagBag from /opt/airflow/dags/Pipline01.py","logger":"airflow.models.dagbag.BundleDagBag","filename":"dagbag.py","lineno":593}
{"timestamp":"2026-04-01T13:51:57.620266Z","level":"info","event":"Filling up the DagBag from /opt/airflow/dags/Pipline01.py","logger":"airflow.models.dagbag.BundleDagBag","filename":"dagbag.py","lineno":593}
{"timestamp":"2026-04-01T13:52:27.896336Z","level":"info","event":"Filling up the DagBag from /opt/airflow/dags/Pipline01.py","logger":"airflow.models.dagbag.BundleDagBag","filename":"dagbag.py","lineno":593}
{"timestamp":"2026-04-01T13:52:58.874014Z","level":"info","event":"Filling up the DagBag from /opt/airflow/dags/Pipline01.py","logger":"airflow.models.dagbag.BundleDagBag","filename":"dagbag.py","lineno":593}
{"timestamp":"2026-04-01T13:53:29.368951Z","level":"info","event":"Filling up the DagBag from /opt/airflow/dags/Pipline01.py","logger":"airflow.models.dagbag.BundleDagBag","filename":"dagbag.py","lineno":593}
{"timestamp":"2026-04-01T13:54:00.430421Z","level":"info","event":"Filling up the DagBag from /opt/airflow/dags/Pipline01.py","logger":"airflow.models.dagbag.BundleDagBag","filename":"dagbag.py","lineno":593}
{"timestamp":"2026-04-01T13:54:31.622450Z","level":"info","event":"Filling up the DagBag from /opt/airflow/dags/Pipline01.py","logger":"airflow.models.dagbag.BundleDagBag","filename":"dagbag.py","lineno":593}
{"timestamp":"2026-04-01T13:55:01.783967Z","level":"info","event":"Filling up the DagBag from /opt/airflow/dags/Pipline01.py","logger":"airflow.models.dagbag.BundleDagBag","filename":"dagbag.py","lineno":593}
{"timestamp":"2026-04-01T13:55:32.104472Z","level":"info","event":"Filling up the DagBag from /opt/airflow/dags/Pipline01.py","logger":"airflow.models.dagbag.BundleDagBag","filename":"dagbag.py","lineno":593}
{"timestamp":"2026-04-01T13:56:03.101163Z","level":"info","event":"Filling up the DagBag from /opt/airflow/dags/Pipline01.py","logger":"airflow.models.dagbag.BundleDagBag","filename":"dagbag.py","lineno":593}
{"timestamp":"2026-04-01T13:56:33.683950Z","level":"info","event":"Filling up the DagBag from /opt/airflow/dags/Pipline01.py","logger":"airflow.models.dagbag.BundleDagBag","filename":"dagbag.py","lineno":593}
{"timestamp":"2026-04-01T13:57:04.618857Z","level":"info","event":"Filling up the DagBag from /opt/airflow/dags/Pipline01.py","logger":"airflow.models.dagbag.BundleDagBag","filename":"dagbag.py","lineno":593}
{"timestamp":"2026-04-01T13:57:35.505956Z","level":"info","event":"Filling up the DagBag from /opt/airflow/dags/Pipline01.py","logger":"airflow.models.dagbag.BundleDagBag","filename":"dagbag.py","lineno":593}
{"timestamp":"2026-04-01T13:58:05.877729Z","level":"info","event":"Filling up the DagBag from /opt/airflow/dags/Pipline01.py","logger":"airflow.models.dagbag.BundleDagBag","filename":"dagbag.py","lineno":593}
{"timestamp":"2026-04-01T13:58:36.814464Z","level":"info","event":"Filling up the DagBag from /opt/airflow/dags/Pipline01.py","logger":"airflow.models.dagbag.BundleDagBag","filename":"dagbag.py","lineno":593}
{"timestamp":"2026-04-01T13:59:07.683142Z","level":"info","event":"Filling up the DagBag from /opt/airflow/dags/Pipline01.py","logger":"airflow.models.dagbag.BundleDagBag","filename":"dagbag.py","lineno":593}
{"timestamp":"2026-04-01T13:59:38.293003Z","level":"info","event":"Filling up the DagBag from /opt/airflow/dags/Pipline01.py","logger":"airflow.models.dagbag.BundleDagBag","filename":"dagbag.py","lineno":593}
{"timestamp":"2026-04-01T14:00:09.404905Z","level":"info","event":"Filling up the DagBag from /opt/airflow/dags/Pipline01.py","logger":"airflow.models.dagbag.BundleDagBag","filename":"dagbag.py","lineno":593}
{"timestamp":"2026-04-01T14:00:40.082849Z","level":"info","event":"Filling up the DagBag from /opt/airflow/dags/Pipline01.py","logger":"airflow.models.dagbag.BundleDagBag","filename":"dagbag.py","lineno":593}
{"timestamp":"2026-04-01T14:01:11.030010Z","level":"info","event":"Filling up the DagBag from /opt/airflow/dags/Pipline01.py","logger":"airflow.models.dagbag.BundleDagBag","filename":"dagbag.py","lineno":593}
{"timestamp":"2026-04-01T14:01:41.225019Z","level":"info","event":"Filling up the DagBag from /opt/airflow/dags/Pipline01.py","logger":"airflow.models.dagbag.BundleDagBag","filename":"dagbag.py","lineno":593}
{"timestamp":"2026-04-01T14:02:12.211380Z","level":"info","event":"Filling up the DagBag from /opt/airflow/dags/Pipline01.py","logger":"airflow.models.dagbag.BundleDagBag","filename":"dagbag.py","lineno":593}
{"timestamp":"2026-04-01T14:02:42.851915Z","level":"info","event":"Filling up the DagBag from /opt/airflow/dags/Pipline01.py","logger":"airflow.models.dagbag.BundleDagBag","filename":"dagbag.py","lineno":593}
{"timestamp":"2026-04-01T14:03:13.832145Z","level":"info","event":"Filling up the DagBag from /opt/airflow/dags/Pipline01.py","logger":"airflow.models.dagbag.BundleDagBag","filename":"dagbag.py","lineno":593}
{"timestamp":"2026-04-01T14:03:44.323181Z","level":"info","event":"Filling up the DagBag from /opt/airflow/dags/Pipline01.py","logger":"airflow.models.dagbag.BundleDagBag","filename":"dagbag.py","lineno":593}
{"timestamp":"2026-04-01T14:04:14.803011Z","level":"info","event":"Filling up the DagBag from /opt/airflow/dags/Pipline01.py","logger":"airflow.models.dagbag.BundleDagBag","filename":"dagbag.py","lineno":593}
{"timestamp":"2026-04-01T14:04:46.733679Z","level":"info","event":"Filling up the DagBag from /opt/airflow/dags/Pipline01.py","logger":"airflow.models.dagbag.BundleDagBag","filename":"dagbag.py","lineno":593}
{"timestamp":"2026-04-01T14:05:17.643323Z","level":"info","event":"Filling up the DagBag from /opt/airflow/dags/Pipline01.py","logger":"airflow.models.dagbag.BundleDagBag","filename":"dagbag.py","lineno":593}
{"timestamp":"2026-04-01T14:05:48.082584Z","level":"info","event":"Filling up the DagBag from /opt/airflow/dags/Pipline01.py","logger":"airflow.models.dagbag.BundleDagBag","filename":"dagbag.py","lineno":593}
{"timestamp":"2026-04-01T14:06:19.765860Z","level":"info","event":"Filling up the DagBag from /opt/airflow/dags/Pipline01.py","logger":"airflow.models.dagbag.BundleDagBag","filename":"dagbag.py","lineno":593}
{"timestamp":"2026-04-01T14:06:52.198774Z","level":"info","event":"Filling up the DagBag from /opt/airflow/dags/Pipline01.py","logger":"airflow.models.dagbag.BundleDagBag","filename":"dagbag.py","lineno":593}
{"timestamp":"2026-04-01T14:07:24.002943Z","level":"info","event":"Filling up the DagBag from /opt/airflow/dags/Pipline01.py","logger":"airflow.models.dagbag.BundleDagBag","filename":"dagbag.py","lineno":593}
{"timestamp":"2026-04-01T14:07:55.042072Z","level":"info","event":"Filling up the DagBag from /opt/airflow/dags/Pipline01.py","logger":"airflow.models.dagbag.BundleDagBag","filename":"dagbag.py","lineno":593}
{"timestamp":"2026-04-01T14:08:27.532408Z","level":"info","event":"Filling up the DagBag from /opt/airflow/dags/Pipline01.py","logger":"airflow.models.dagbag.BundleDagBag","filename":"dagbag.py","lineno":593}
{"timestamp":"2026-04-01T14:08:58.750136Z","level":"info","event":"Filling up the DagBag from /opt/airflow/dags/Pipline01.py","logger":"airflow.models.dagbag.BundleDagBag","filename":"dagbag.py","lineno":593}
{"timestamp":"2026-04-01T14:09:31.155887Z","level":"info","event":"Filling up the DagBag from /opt/airflow/dags/Pipline01.py","logger":"airflow.models.dagbag.BundleDagBag","filename":"dagbag.py","lineno":593}
