{"timestamp":"2026-03-31T20:27:36.969128Z","level":"info","event":"Filling up the DagBag from /opt/airflow/dags/asset_13.py","logger":"airflow.models.dagbag.BundleDagBag","filename":"dagbag.py","lineno":593}
{"timestamp":"2026-03-31T20:28:07.614377Z","level":"info","event":"Filling up the DagBag from /opt/airflow/dags/asset_13.py","logger":"airflow.models.dagbag.BundleDagBag","filename":"dagbag.py","lineno":593}
{"timestamp":"2026-03-31T20:28:38.591603Z","level":"info","event":"Filling up the DagBag from /opt/airflow/dags/asset_13.py","logger":"airflow.models.dagbag.BundleDagBag","filename":"dagbag.py","lineno":593}
{"timestamp":"2026-03-31T20:29:09.254406Z","level":"info","event":"Filling up the DagBag from /opt/airflow/dags/asset_13.py","logger":"airflow.models.dagbag.BundleDagBag","filename":"dagbag.py","lineno":593}
{"timestamp":"2026-03-31T20:29:41.093044Z","level":"info","event":"Filling up the DagBag from /opt/airflow/dags/asset_13.py","logger":"airflow.models.dagbag.BundleDagBag","filename":"dagbag.py","lineno":593}
{"timestamp":"2026-03-31T20:30:15.706627Z","level":"info","event":"Filling up the DagBag from /opt/airflow/dags/asset_13.py","logger":"airflow.models.dagbag.BundleDagBag","filename":"dagbag.py","lineno":593}
{"timestamp":"2026-03-31T20:30:47.376391Z","level":"info","event":"Filling up the DagBag from /opt/airflow/dags/asset_13.py","logger":"airflow.models.dagbag.BundleDagBag","filename":"dagbag.py","lineno":593}
{"timestamp":"2026-03-31T20:31:18.375202Z","level":"info","event":"Filling up the DagBag from /opt/airflow/dags/asset_13.py","logger":"airflow.models.dagbag.BundleDagBag","filename":"dagbag.py","lineno":593}
{"timestamp":"2026-03-31T20:31:49.308144Z","level":"info","event":"Filling up the DagBag from /opt/airflow/dags/asset_13.py","logger":"airflow.models.dagbag.BundleDagBag","filename":"dagbag.py","lineno":593}
{"timestamp":"2026-03-31T20:32:20.911432Z","level":"info","event":"Filling up the DagBag from /opt/airflow/dags/asset_13.py","logger":"airflow.models.dagbag.BundleDagBag","filename":"dagbag.py","lineno":593}
{"timestamp":"2026-03-31T20:32:52.686368Z","level":"info","event":"Filling up the DagBag from /opt/airflow/dags/asset_13.py","logger":"airflow.models.dagbag.BundleDagBag","filename":"dagbag.py","lineno":593}
{"timestamp":"2026-03-31T20:33:23.784134Z","level":"info","event":"Filling up the DagBag from /opt/airflow/dags/asset_13.py","logger":"airflow.models.dagbag.BundleDagBag","filename":"dagbag.py","lineno":593}
{"timestamp":"2026-03-31T20:33:56.098199Z","level":"info","event":"Filling up the DagBag from /opt/airflow/dags/asset_13.py","logger":"airflow.models.dagbag.BundleDagBag","filename":"dagbag.py","lineno":593}
{"timestamp":"2026-03-31T20:34:27.991259Z","level":"info","event":"Filling up the DagBag from /opt/airflow/dags/asset_13.py","logger":"airflow.models.dagbag.BundleDagBag","filename":"dagbag.py","lineno":593}
{"timestamp":"2026-03-31T20:34:59.243043Z","level":"info","event":"Filling up the DagBag from /opt/airflow/dags/asset_13.py","logger":"airflow.models.dagbag.BundleDagBag","filename":"dagbag.py","lineno":593}
{"timestamp":"2026-03-31T20:35:30.870883Z","level":"info","event":"Filling up the DagBag from /opt/airflow/dags/asset_13.py","logger":"airflow.models.dagbag.BundleDagBag","filename":"dagbag.py","lineno":593}
{"timestamp":"2026-03-31T20:36:02.673594Z","level":"info","event":"Filling up the DagBag from /opt/airflow/dags/asset_13.py","logger":"airflow.models.dagbag.BundleDagBag","filename":"dagbag.py","lineno":593}
{"timestamp":"2026-03-31T20:36:36.515157Z","level":"info","event":"Filling up the DagBag from /opt/airflow/dags/asset_13.py","logger":"airflow.models.dagbag.BundleDagBag","filename":"dagbag.py","lineno":593}
{"timestamp":"2026-03-31T20:37:10.272922Z","level":"info","event":"Filling up the DagBag from /opt/airflow/dags/asset_13.py","logger":"airflow.models.dagbag.BundleDagBag","filename":"dagbag.py","lineno":593}
{"timestamp":"2026-03-31T20:37:41.499197Z","level":"info","event":"Filling up the DagBag from /opt/airflow/dags/asset_13.py","logger":"airflow.models.dagbag.BundleDagBag","filename":"dagbag.py","lineno":593}
{"timestamp":"2026-03-31T20:38:12.146375Z","level":"info","event":"Filling up the DagBag from /opt/airflow/dags/asset_13.py","logger":"airflow.models.dagbag.BundleDagBag","filename":"dagbag.py","lineno":593}
{"timestamp":"2026-03-31T20:38:42.650836Z","level":"info","event":"Filling up the DagBag from /opt/airflow/dags/asset_13.py","logger":"airflow.models.dagbag.BundleDagBag","filename":"dagbag.py","lineno":593}
{"timestamp":"2026-03-31T20:39:14.220352Z","level":"info","event":"Filling up the DagBag from /opt/airflow/dags/asset_13.py","logger":"airflow.models.dagbag.BundleDagBag","filename":"dagbag.py","lineno":593}
{"timestamp":"2026-03-31T20:39:55.255741Z","level":"info","event":"Filling up the DagBag from /opt/airflow/dags/asset_13.py","logger":"airflow.models.dagbag.BundleDagBag","filename":"dagbag.py","lineno":593}
{"timestamp":"2026-03-31T20:40:36.468128Z","level":"error","event":"Process timed out, PID: 476","logger":"airflow.models.dagbag","filename":"dagbag.py","lineno":134}
{"timestamp":"2026-03-31T20:40:44.529583Z","level":"error","event":"Failed to import: /opt/airflow/dags/asset_13.py","logger":"airflow.models.dagbag.BundleDagBag","filename":"dagbag.py","lineno":415,"error_detail":[{"exc_type":"AirflowTaskTimeout","exc_value":"DagBag import timeout for /opt/airflow/dags/asset_13.py after 30.0s.\nPlease take a look at these docs to improve your DAG import time:\n* https://airflow.apache.org/docs/apache-airflow/3.1.7/best-practices.html#top-level-python-code\n* https://airflow.apache.org/docs/apache-airflow/3.1.7/best-practices.html#reducing-dag-complexity, PID: 476","exc_notes":[],"syntax_error":null,"is_cause":false,"frames":[{"filename":"/home/airflow/.local/lib/python3.12/site-packages/airflow/models/dagbag.py","lineno":405,"name":"parse"},{"filename":"<frozen importlib._bootstrap_external>","lineno":999,"name":"exec_module"},{"filename":"<frozen importlib._bootstrap>","lineno":488,"name":"_call_with_frames_removed"},{"filename":"/opt/airflow/dags/asset_13.py","lineno":1,"name":"<module>"},{"filename":"<frozen importlib._bootstrap>","lineno":1412,"name":"_handle_fromlist"},{"filename":"/home/airflow/.local/lib/python3.12/site-packages/airflow/sdk/__init__.py","lineno":134,"name":"__getattr__"},{"filename":"/usr/python/lib/python3.12/importlib/__init__.py","lineno":90,"name":"import_module"},{"filename":"/home/airflow/.local/lib/python3.12/site-packages/airflow/sdk/definitions/decorators/__init__.py","lineno":22,"name":"<module>"},{"filename":"/home/airflow/.local/lib/python3.12/site-packages/airflow/sdk/bases/decorator.py","lineno":301,"name":"<module>"},{"filename":"/home/airflow/.local/lib/python3.12/site-packages/attr/_next_gen.py","lineno":421,"name":"wrap"},{"filename":"/home/airflow/.local/lib/python3.12/site-packages/attr/_next_gen.py","lineno":366,"name":"do_it"},{"filename":"/home/airflow/.local/lib/python3.12/site-packages/attr/_make.py","lineno":1577,"name":"attrs"},{"filename":"/home/airflow/.local/lib/python3.12/site-packages/attr/_make.py","lineno":1525,"name":"wrap"},{"filename":"/home/airflow/.local/lib/python3.12/site-packages/attr/_make.py","lineno":674,"name":"__init__"},{"filename":"/home/airflow/.local/lib/python3.12/site-packages/attr/_make.py","lineno":417,"name":"_transform_attrs"},{"filename":"/home/airflow/.local/lib/python3.12/site-packages/attr/_make.py","lineno":196,"name":"attrib"},{"filename":"/home/airflow/.local/lib/python3.12/site-packages/attr/_make.py","lineno":2728,"name":"__init__"},{"filename":"/home/airflow/.local/lib/python3.12/site-packages/airflow/models/dagbag.py","lineno":135,"name":"handle_timeout"}],"is_group":false,"exceptions":[]}]}
{"timestamp":"2026-03-31T20:50:23.539595Z","level":"info","event":"Filling up the DagBag from /opt/airflow/dags/asset_13.py","logger":"airflow.models.dagbag.BundleDagBag","filename":"dagbag.py","lineno":593}
{"timestamp":"2026-03-31T21:00:30.178367Z","level":"info","event":"Filling up the DagBag from /opt/airflow/dags/asset_13.py","logger":"airflow.models.dagbag.BundleDagBag","filename":"dagbag.py","lineno":593}
{"timestamp":"2026-03-31T21:01:03.829356Z","level":"info","event":"Filling up the DagBag from /opt/airflow/dags/asset_13.py","logger":"airflow.models.dagbag.BundleDagBag","filename":"dagbag.py","lineno":593}
{"timestamp":"2026-03-31T21:01:35.174239Z","level":"info","event":"Filling up the DagBag from /opt/airflow/dags/asset_13.py","logger":"airflow.models.dagbag.BundleDagBag","filename":"dagbag.py","lineno":593}
{"timestamp":"2026-03-31T21:02:06.291036Z","level":"info","event":"Filling up the DagBag from /opt/airflow/dags/asset_13.py","logger":"airflow.models.dagbag.BundleDagBag","filename":"dagbag.py","lineno":593}
{"timestamp":"2026-03-31T21:02:36.993659Z","level":"info","event":"Filling up the DagBag from /opt/airflow/dags/asset_13.py","logger":"airflow.models.dagbag.BundleDagBag","filename":"dagbag.py","lineno":593}
{"timestamp":"2026-03-31T21:03:07.210314Z","level":"info","event":"Filling up the DagBag from /opt/airflow/dags/asset_13.py","logger":"airflow.models.dagbag.BundleDagBag","filename":"dagbag.py","lineno":593}
{"timestamp":"2026-03-31T21:03:38.238957Z","level":"info","event":"Filling up the DagBag from /opt/airflow/dags/asset_13.py","logger":"airflow.models.dagbag.BundleDagBag","filename":"dagbag.py","lineno":593}
{"timestamp":"2026-03-31T21:04:08.847777Z","level":"info","event":"Filling up the DagBag from /opt/airflow/dags/asset_13.py","logger":"airflow.models.dagbag.BundleDagBag","filename":"dagbag.py","lineno":593}
{"timestamp":"2026-03-31T21:04:39.369968Z","level":"info","event":"Filling up the DagBag from /opt/airflow/dags/asset_13.py","logger":"airflow.models.dagbag.BundleDagBag","filename":"dagbag.py","lineno":593}
{"timestamp":"2026-03-31T21:05:09.878210Z","level":"info","event":"Filling up the DagBag from /opt/airflow/dags/asset_13.py","logger":"airflow.models.dagbag.BundleDagBag","filename":"dagbag.py","lineno":593}
{"timestamp":"2026-03-31T21:05:40.150404Z","level":"info","event":"Filling up the DagBag from /opt/airflow/dags/asset_13.py","logger":"airflow.models.dagbag.BundleDagBag","filename":"dagbag.py","lineno":593}
{"timestamp":"2026-03-31T21:06:10.493555Z","level":"info","event":"Filling up the DagBag from /opt/airflow/dags/asset_13.py","logger":"airflow.models.dagbag.BundleDagBag","filename":"dagbag.py","lineno":593}
{"timestamp":"2026-03-31T21:06:41.097366Z","level":"info","event":"Filling up the DagBag from /opt/airflow/dags/asset_13.py","logger":"airflow.models.dagbag.BundleDagBag","filename":"dagbag.py","lineno":593}
{"timestamp":"2026-03-31T21:07:13.451570Z","level":"info","event":"Filling up the DagBag from /opt/airflow/dags/asset_13.py","logger":"airflow.models.dagbag.BundleDagBag","filename":"dagbag.py","lineno":593}
{"timestamp":"2026-03-31T21:07:44.741760Z","level":"info","event":"Filling up the DagBag from /opt/airflow/dags/asset_13.py","logger":"airflow.models.dagbag.BundleDagBag","filename":"dagbag.py","lineno":593}
{"timestamp":"2026-03-31T21:08:16.508270Z","level":"info","event":"Filling up the DagBag from /opt/airflow/dags/asset_13.py","logger":"airflow.models.dagbag.BundleDagBag","filename":"dagbag.py","lineno":593}
{"timestamp":"2026-03-31T21:08:48.326508Z","level":"info","event":"Filling up the DagBag from /opt/airflow/dags/asset_13.py","logger":"airflow.models.dagbag.BundleDagBag","filename":"dagbag.py","lineno":593}
{"timestamp":"2026-03-31T21:09:19.861934Z","level":"info","event":"Filling up the DagBag from /opt/airflow/dags/asset_13.py","logger":"airflow.models.dagbag.BundleDagBag","filename":"dagbag.py","lineno":593}
{"timestamp":"2026-03-31T21:09:51.474666Z","level":"info","event":"Filling up the DagBag from /opt/airflow/dags/asset_13.py","logger":"airflow.models.dagbag.BundleDagBag","filename":"dagbag.py","lineno":593}
{"timestamp":"2026-03-31T21:10:21.855350Z","level":"info","event":"Filling up the DagBag from /opt/airflow/dags/asset_13.py","logger":"airflow.models.dagbag.BundleDagBag","filename":"dagbag.py","lineno":593}
{"timestamp":"2026-03-31T21:10:54.909674Z","level":"info","event":"Filling up the DagBag from /opt/airflow/dags/asset_13.py","logger":"airflow.models.dagbag.BundleDagBag","filename":"dagbag.py","lineno":593}
{"timestamp":"2026-03-31T21:14:01.197583Z","level":"info","event":"Filling up the DagBag from /opt/airflow/dags/asset_13.py","logger":"airflow.models.dagbag.BundleDagBag","filename":"dagbag.py","lineno":593}
{"timestamp":"2026-03-31T21:14:32.316265Z","level":"info","event":"Filling up the DagBag from /opt/airflow/dags/asset_13.py","logger":"airflow.models.dagbag.BundleDagBag","filename":"dagbag.py","lineno":593}
{"timestamp":"2026-03-31T21:15:02.916303Z","level":"info","event":"Filling up the DagBag from /opt/airflow/dags/asset_13.py","logger":"airflow.models.dagbag.BundleDagBag","filename":"dagbag.py","lineno":593}
{"timestamp":"2026-03-31T21:15:41.980245Z","level":"info","event":"Filling up the DagBag from /opt/airflow/dags/asset_13.py","logger":"airflow.models.dagbag.BundleDagBag","filename":"dagbag.py","lineno":593}
{"timestamp":"2026-03-31T21:16:13.689430Z","level":"info","event":"Filling up the DagBag from /opt/airflow/dags/asset_13.py","logger":"airflow.models.dagbag.BundleDagBag","filename":"dagbag.py","lineno":593}
{"timestamp":"2026-03-31T21:16:44.417915Z","level":"info","event":"Filling up the DagBag from /opt/airflow/dags/asset_13.py","logger":"airflow.models.dagbag.BundleDagBag","filename":"dagbag.py","lineno":593}
{"timestamp":"2026-03-31T21:17:15.787562Z","level":"info","event":"Filling up the DagBag from /opt/airflow/dags/asset_13.py","logger":"airflow.models.dagbag.BundleDagBag","filename":"dagbag.py","lineno":593}
{"timestamp":"2026-03-31T21:17:47.244955Z","level":"info","event":"Filling up the DagBag from /opt/airflow/dags/asset_13.py","logger":"airflow.models.dagbag.BundleDagBag","filename":"dagbag.py","lineno":593}
{"timestamp":"2026-03-31T21:18:19.178093Z","level":"info","event":"Filling up the DagBag from /opt/airflow/dags/asset_13.py","logger":"airflow.models.dagbag.BundleDagBag","filename":"dagbag.py","lineno":593}
{"timestamp":"2026-03-31T21:18:50.401953Z","level":"info","event":"Filling up the DagBag from /opt/airflow/dags/asset_13.py","logger":"airflow.models.dagbag.BundleDagBag","filename":"dagbag.py","lineno":593}
{"timestamp":"2026-03-31T21:19:22.358161Z","level":"info","event":"Filling up the DagBag from /opt/airflow/dags/asset_13.py","logger":"airflow.models.dagbag.BundleDagBag","filename":"dagbag.py","lineno":593}
{"timestamp":"2026-03-31T21:19:53.370662Z","level":"info","event":"Filling up the DagBag from /opt/airflow/dags/asset_13.py","logger":"airflow.models.dagbag.BundleDagBag","filename":"dagbag.py","lineno":593}
{"timestamp":"2026-03-31T21:20:25.544494Z","level":"info","event":"Filling up the DagBag from /opt/airflow/dags/asset_13.py","logger":"airflow.models.dagbag.BundleDagBag","filename":"dagbag.py","lineno":593}
{"timestamp":"2026-03-31T21:20:57.217880Z","level":"info","event":"Filling up the DagBag from /opt/airflow/dags/asset_13.py","logger":"airflow.models.dagbag.BundleDagBag","filename":"dagbag.py","lineno":593}
{"timestamp":"2026-03-31T21:21:28.528164Z","level":"info","event":"Filling up the DagBag from /opt/airflow/dags/asset_13.py","logger":"airflow.models.dagbag.BundleDagBag","filename":"dagbag.py","lineno":593}
{"timestamp":"2026-03-31T21:22:00.097298Z","level":"info","event":"Filling up the DagBag from /opt/airflow/dags/asset_13.py","logger":"airflow.models.dagbag.BundleDagBag","filename":"dagbag.py","lineno":593}
{"timestamp":"2026-03-31T21:22:32.093396Z","level":"info","event":"Filling up the DagBag from /opt/airflow/dags/asset_13.py","logger":"airflow.models.dagbag.BundleDagBag","filename":"dagbag.py","lineno":593}
{"timestamp":"2026-03-31T21:23:04.358681Z","level":"info","event":"Filling up the DagBag from /opt/airflow/dags/asset_13.py","logger":"airflow.models.dagbag.BundleDagBag","filename":"dagbag.py","lineno":593}
{"timestamp":"2026-03-31T21:23:35.915566Z","level":"info","event":"Filling up the DagBag from /opt/airflow/dags/asset_13.py","logger":"airflow.models.dagbag.BundleDagBag","filename":"dagbag.py","lineno":593}
{"timestamp":"2026-03-31T21:24:06.587634Z","level":"info","event":"Filling up the DagBag from /opt/airflow/dags/asset_13.py","logger":"airflow.models.dagbag.BundleDagBag","filename":"dagbag.py","lineno":593}
{"timestamp":"2026-03-31T21:24:38.837646Z","level":"info","event":"Filling up the DagBag from /opt/airflow/dags/asset_13.py","logger":"airflow.models.dagbag.BundleDagBag","filename":"dagbag.py","lineno":593}
{"timestamp":"2026-03-31T21:25:10.023233Z","level":"info","event":"Filling up the DagBag from /opt/airflow/dags/asset_13.py","logger":"airflow.models.dagbag.BundleDagBag","filename":"dagbag.py","lineno":593}
{"timestamp":"2026-03-31T21:25:41.463491Z","level":"info","event":"Filling up the DagBag from /opt/airflow/dags/asset_13.py","logger":"airflow.models.dagbag.BundleDagBag","filename":"dagbag.py","lineno":593}
{"timestamp":"2026-03-31T21:26:12.925020Z","level":"info","event":"Filling up the DagBag from /opt/airflow/dags/asset_13.py","logger":"airflow.models.dagbag.BundleDagBag","filename":"dagbag.py","lineno":593}
{"timestamp":"2026-03-31T21:26:44.862685Z","level":"info","event":"Filling up the DagBag from /opt/airflow/dags/asset_13.py","logger":"airflow.models.dagbag.BundleDagBag","filename":"dagbag.py","lineno":593}
{"timestamp":"2026-03-31T21:27:16.129416Z","level":"info","event":"Filling up the DagBag from /opt/airflow/dags/asset_13.py","logger":"airflow.models.dagbag.BundleDagBag","filename":"dagbag.py","lineno":593}
{"timestamp":"2026-03-31T21:27:47.612769Z","level":"info","event":"Filling up the DagBag from /opt/airflow/dags/asset_13.py","logger":"airflow.models.dagbag.BundleDagBag","filename":"dagbag.py","lineno":593}
{"timestamp":"2026-03-31T21:28:19.212166Z","level":"info","event":"Filling up the DagBag from /opt/airflow/dags/asset_13.py","logger":"airflow.models.dagbag.BundleDagBag","filename":"dagbag.py","lineno":593}
{"timestamp":"2026-03-31T21:28:51.165915Z","level":"info","event":"Filling up the DagBag from /opt/airflow/dags/asset_13.py","logger":"airflow.models.dagbag.BundleDagBag","filename":"dagbag.py","lineno":593}
{"timestamp":"2026-03-31T21:29:23.208334Z","level":"info","event":"Filling up the DagBag from /opt/airflow/dags/asset_13.py","logger":"airflow.models.dagbag.BundleDagBag","filename":"dagbag.py","lineno":593}
{"timestamp":"2026-03-31T21:29:54.208749Z","level":"info","event":"Filling up the DagBag from /opt/airflow/dags/asset_13.py","logger":"airflow.models.dagbag.BundleDagBag","filename":"dagbag.py","lineno":593}
{"timestamp":"2026-03-31T21:30:26.432784Z","level":"info","event":"Filling up the DagBag from /opt/airflow/dags/asset_13.py","logger":"airflow.models.dagbag.BundleDagBag","filename":"dagbag.py","lineno":593}
{"timestamp":"2026-03-31T21:30:57.743088Z","level":"info","event":"Filling up the DagBag from /opt/airflow/dags/asset_13.py","logger":"airflow.models.dagbag.BundleDagBag","filename":"dagbag.py","lineno":593}
{"timestamp":"2026-03-31T21:31:28.802062Z","level":"info","event":"Filling up the DagBag from /opt/airflow/dags/asset_13.py","logger":"airflow.models.dagbag.BundleDagBag","filename":"dagbag.py","lineno":593}
{"timestamp":"2026-03-31T21:32:00.696660Z","level":"info","event":"Filling up the DagBag from /opt/airflow/dags/asset_13.py","logger":"airflow.models.dagbag.BundleDagBag","filename":"dagbag.py","lineno":593}
{"timestamp":"2026-03-31T21:32:32.806217Z","level":"info","event":"Filling up the DagBag from /opt/airflow/dags/asset_13.py","logger":"airflow.models.dagbag.BundleDagBag","filename":"dagbag.py","lineno":593}
{"timestamp":"2026-03-31T21:33:04.282983Z","level":"info","event":"Filling up the DagBag from /opt/airflow/dags/asset_13.py","logger":"airflow.models.dagbag.BundleDagBag","filename":"dagbag.py","lineno":593}
{"timestamp":"2026-03-31T21:33:35.534905Z","level":"info","event":"Filling up the DagBag from /opt/airflow/dags/asset_13.py","logger":"airflow.models.dagbag.BundleDagBag","filename":"dagbag.py","lineno":593}
{"timestamp":"2026-03-31T21:34:06.532403Z","level":"info","event":"Filling up the DagBag from /opt/airflow/dags/asset_13.py","logger":"airflow.models.dagbag.BundleDagBag","filename":"dagbag.py","lineno":593}
{"timestamp":"2026-03-31T21:34:39.068837Z","level":"info","event":"Filling up the DagBag from /opt/airflow/dags/asset_13.py","logger":"airflow.models.dagbag.BundleDagBag","filename":"dagbag.py","lineno":593}
{"timestamp":"2026-03-31T21:35:11.111410Z","level":"info","event":"Filling up the DagBag from /opt/airflow/dags/asset_13.py","logger":"airflow.models.dagbag.BundleDagBag","filename":"dagbag.py","lineno":593}
{"timestamp":"2026-03-31T21:35:42.660334Z","level":"info","event":"Filling up the DagBag from /opt/airflow/dags/asset_13.py","logger":"airflow.models.dagbag.BundleDagBag","filename":"dagbag.py","lineno":593}
{"timestamp":"2026-03-31T21:36:15.985384Z","level":"info","event":"Filling up the DagBag from /opt/airflow/dags/asset_13.py","logger":"airflow.models.dagbag.BundleDagBag","filename":"dagbag.py","lineno":593}
{"timestamp":"2026-03-31T21:36:47.777946Z","level":"info","event":"Filling up the DagBag from /opt/airflow/dags/asset_13.py","logger":"airflow.models.dagbag.BundleDagBag","filename":"dagbag.py","lineno":593}
{"timestamp":"2026-03-31T21:37:18.958578Z","level":"info","event":"Filling up the DagBag from /opt/airflow/dags/asset_13.py","logger":"airflow.models.dagbag.BundleDagBag","filename":"dagbag.py","lineno":593}
{"timestamp":"2026-03-31T21:37:50.147509Z","level":"info","event":"Filling up the DagBag from /opt/airflow/dags/asset_13.py","logger":"airflow.models.dagbag.BundleDagBag","filename":"dagbag.py","lineno":593}
{"timestamp":"2026-03-31T21:38:21.217472Z","level":"info","event":"Filling up the DagBag from /opt/airflow/dags/asset_13.py","logger":"airflow.models.dagbag.BundleDagBag","filename":"dagbag.py","lineno":593}
{"timestamp":"2026-03-31T21:38:55.314970Z","level":"info","event":"Filling up the DagBag from /opt/airflow/dags/asset_13.py","logger":"airflow.models.dagbag.BundleDagBag","filename":"dagbag.py","lineno":593}
{"timestamp":"2026-03-31T21:39:27.969082Z","level":"info","event":"Filling up the DagBag from /opt/airflow/dags/asset_13.py","logger":"airflow.models.dagbag.BundleDagBag","filename":"dagbag.py","lineno":593}
{"timestamp":"2026-03-31T21:40:00.584235Z","level":"info","event":"Filling up the DagBag from /opt/airflow/dags/asset_13.py","logger":"airflow.models.dagbag.BundleDagBag","filename":"dagbag.py","lineno":593}
{"timestamp":"2026-03-31T21:40:31.949563Z","level":"info","event":"Filling up the DagBag from /opt/airflow/dags/asset_13.py","logger":"airflow.models.dagbag.BundleDagBag","filename":"dagbag.py","lineno":593}
{"timestamp":"2026-03-31T21:41:03.466674Z","level":"info","event":"Filling up the DagBag from /opt/airflow/dags/asset_13.py","logger":"airflow.models.dagbag.BundleDagBag","filename":"dagbag.py","lineno":593}
{"timestamp":"2026-03-31T21:41:34.503303Z","level":"info","event":"Filling up the DagBag from /opt/airflow/dags/asset_13.py","logger":"airflow.models.dagbag.BundleDagBag","filename":"dagbag.py","lineno":593}
{"timestamp":"2026-03-31T21:42:06.391147Z","level":"info","event":"Filling up the DagBag from /opt/airflow/dags/asset_13.py","logger":"airflow.models.dagbag.BundleDagBag","filename":"dagbag.py","lineno":593}
{"timestamp":"2026-03-31T21:42:37.536268Z","level":"info","event":"Filling up the DagBag from /opt/airflow/dags/asset_13.py","logger":"airflow.models.dagbag.BundleDagBag","filename":"dagbag.py","lineno":593}
{"timestamp":"2026-03-31T21:43:07.886739Z","level":"info","event":"Filling up the DagBag from /opt/airflow/dags/asset_13.py","logger":"airflow.models.dagbag.BundleDagBag","filename":"dagbag.py","lineno":593}
{"timestamp":"2026-03-31T21:43:38.358711Z","level":"info","event":"Filling up the DagBag from /opt/airflow/dags/asset_13.py","logger":"airflow.models.dagbag.BundleDagBag","filename":"dagbag.py","lineno":593}
{"timestamp":"2026-03-31T21:44:08.786595Z","level":"info","event":"Filling up the DagBag from /opt/airflow/dags/asset_13.py","logger":"airflow.models.dagbag.BundleDagBag","filename":"dagbag.py","lineno":593}
{"timestamp":"2026-03-31T21:44:40.724586Z","level":"info","event":"Filling up the DagBag from /opt/airflow/dags/asset_13.py","logger":"airflow.models.dagbag.BundleDagBag","filename":"dagbag.py","lineno":593}
{"timestamp":"2026-03-31T21:45:12.569865Z","level":"info","event":"Filling up the DagBag from /opt/airflow/dags/asset_13.py","logger":"airflow.models.dagbag.BundleDagBag","filename":"dagbag.py","lineno":593}
{"timestamp":"2026-03-31T21:45:44.172700Z","level":"info","event":"Filling up the DagBag from /opt/airflow/dags/asset_13.py","logger":"airflow.models.dagbag.BundleDagBag","filename":"dagbag.py","lineno":593}
{"timestamp":"2026-03-31T21:46:15.787665Z","level":"info","event":"Filling up the DagBag from /opt/airflow/dags/asset_13.py","logger":"airflow.models.dagbag.BundleDagBag","filename":"dagbag.py","lineno":593}
{"timestamp":"2026-03-31T21:46:47.536593Z","level":"info","event":"Filling up the DagBag from /opt/airflow/dags/asset_13.py","logger":"airflow.models.dagbag.BundleDagBag","filename":"dagbag.py","lineno":593}
{"timestamp":"2026-03-31T21:47:19.489267Z","level":"info","event":"Filling up the DagBag from /opt/airflow/dags/asset_13.py","logger":"airflow.models.dagbag.BundleDagBag","filename":"dagbag.py","lineno":593}
{"timestamp":"2026-03-31T21:47:50.985708Z","level":"info","event":"Filling up the DagBag from /opt/airflow/dags/asset_13.py","logger":"airflow.models.dagbag.BundleDagBag","filename":"dagbag.py","lineno":593}
{"timestamp":"2026-03-31T21:48:23.656499Z","level":"info","event":"Filling up the DagBag from /opt/airflow/dags/asset_13.py","logger":"airflow.models.dagbag.BundleDagBag","filename":"dagbag.py","lineno":593}
{"timestamp":"2026-03-31T21:48:54.500223Z","level":"info","event":"Filling up the DagBag from /opt/airflow/dags/asset_13.py","logger":"airflow.models.dagbag.BundleDagBag","filename":"dagbag.py","lineno":593}
{"timestamp":"2026-03-31T21:49:25.725020Z","level":"info","event":"Filling up the DagBag from /opt/airflow/dags/asset_13.py","logger":"airflow.models.dagbag.BundleDagBag","filename":"dagbag.py","lineno":593}
{"timestamp":"2026-03-31T21:49:57.811576Z","level":"info","event":"Filling up the DagBag from /opt/airflow/dags/asset_13.py","logger":"airflow.models.dagbag.BundleDagBag","filename":"dagbag.py","lineno":593}
{"timestamp":"2026-03-31T21:50:29.583873Z","level":"info","event":"Filling up the DagBag from /opt/airflow/dags/asset_13.py","logger":"airflow.models.dagbag.BundleDagBag","filename":"dagbag.py","lineno":593}
{"timestamp":"2026-03-31T21:51:01.102076Z","level":"info","event":"Filling up the DagBag from /opt/airflow/dags/asset_13.py","logger":"airflow.models.dagbag.BundleDagBag","filename":"dagbag.py","lineno":593}
{"timestamp":"2026-03-31T21:51:33.305689Z","level":"info","event":"Filling up the DagBag from /opt/airflow/dags/asset_13.py","logger":"airflow.models.dagbag.BundleDagBag","filename":"dagbag.py","lineno":593}
{"timestamp":"2026-03-31T21:52:05.182327Z","level":"info","event":"Filling up the DagBag from /opt/airflow/dags/asset_13.py","logger":"airflow.models.dagbag.BundleDagBag","filename":"dagbag.py","lineno":593}
{"timestamp":"2026-03-31T21:52:36.165896Z","level":"info","event":"Filling up the DagBag from /opt/airflow/dags/asset_13.py","logger":"airflow.models.dagbag.BundleDagBag","filename":"dagbag.py","lineno":593}
{"timestamp":"2026-03-31T21:53:07.929815Z","level":"info","event":"Filling up the DagBag from /opt/airflow/dags/asset_13.py","logger":"airflow.models.dagbag.BundleDagBag","filename":"dagbag.py","lineno":593}
{"timestamp":"2026-03-31T21:53:40.321107Z","level":"info","event":"Filling up the DagBag from /opt/airflow/dags/asset_13.py","logger":"airflow.models.dagbag.BundleDagBag","filename":"dagbag.py","lineno":593}
{"timestamp":"2026-03-31T21:54:12.191314Z","level":"info","event":"Filling up the DagBag from /opt/airflow/dags/asset_13.py","logger":"airflow.models.dagbag.BundleDagBag","filename":"dagbag.py","lineno":593}
{"timestamp":"2026-03-31T21:54:43.086096Z","level":"info","event":"Filling up the DagBag from /opt/airflow/dags/asset_13.py","logger":"airflow.models.dagbag.BundleDagBag","filename":"dagbag.py","lineno":593}
{"timestamp":"2026-03-31T21:55:14.793011Z","level":"info","event":"Filling up the DagBag from /opt/airflow/dags/asset_13.py","logger":"airflow.models.dagbag.BundleDagBag","filename":"dagbag.py","lineno":593}
{"timestamp":"2026-03-31T21:55:46.918467Z","level":"info","event":"Filling up the DagBag from /opt/airflow/dags/asset_13.py","logger":"airflow.models.dagbag.BundleDagBag","filename":"dagbag.py","lineno":593}
{"timestamp":"2026-03-31T21:56:18.925568Z","level":"info","event":"Filling up the DagBag from /opt/airflow/dags/asset_13.py","logger":"airflow.models.dagbag.BundleDagBag","filename":"dagbag.py","lineno":593}
{"timestamp":"2026-03-31T21:56:50.720629Z","level":"info","event":"Filling up the DagBag from /opt/airflow/dags/asset_13.py","logger":"airflow.models.dagbag.BundleDagBag","filename":"dagbag.py","lineno":593}
{"timestamp":"2026-03-31T21:57:22.384230Z","level":"info","event":"Filling up the DagBag from /opt/airflow/dags/asset_13.py","logger":"airflow.models.dagbag.BundleDagBag","filename":"dagbag.py","lineno":593}
{"timestamp":"2026-03-31T21:57:54.002584Z","level":"info","event":"Filling up the DagBag from /opt/airflow/dags/asset_13.py","logger":"airflow.models.dagbag.BundleDagBag","filename":"dagbag.py","lineno":593}
{"timestamp":"2026-03-31T21:58:25.636693Z","level":"info","event":"Filling up the DagBag from /opt/airflow/dags/asset_13.py","logger":"airflow.models.dagbag.BundleDagBag","filename":"dagbag.py","lineno":593}
{"timestamp":"2026-03-31T21:58:58.804356Z","level":"info","event":"Filling up the DagBag from /opt/airflow/dags/asset_13.py","logger":"airflow.models.dagbag.BundleDagBag","filename":"dagbag.py","lineno":593}
{"timestamp":"2026-03-31T21:59:33.167932Z","level":"info","event":"Filling up the DagBag from /opt/airflow/dags/asset_13.py","logger":"airflow.models.dagbag.BundleDagBag","filename":"dagbag.py","lineno":593}
{"timestamp":"2026-03-31T22:00:04.680489Z","level":"info","event":"Filling up the DagBag from /opt/airflow/dags/asset_13.py","logger":"airflow.models.dagbag.BundleDagBag","filename":"dagbag.py","lineno":593}
{"timestamp":"2026-03-31T22:00:36.408131Z","level":"info","event":"Filling up the DagBag from /opt/airflow/dags/asset_13.py","logger":"airflow.models.dagbag.BundleDagBag","filename":"dagbag.py","lineno":593}
{"timestamp":"2026-03-31T22:01:08.801843Z","level":"info","event":"Filling up the DagBag from /opt/airflow/dags/asset_13.py","logger":"airflow.models.dagbag.BundleDagBag","filename":"dagbag.py","lineno":593}
{"timestamp":"2026-03-31T22:01:40.000314Z","level":"info","event":"Filling up the DagBag from /opt/airflow/dags/asset_13.py","logger":"airflow.models.dagbag.BundleDagBag","filename":"dagbag.py","lineno":593}
{"timestamp":"2026-03-31T22:02:12.051247Z","level":"info","event":"Filling up the DagBag from /opt/airflow/dags/asset_13.py","logger":"airflow.models.dagbag.BundleDagBag","filename":"dagbag.py","lineno":593}
{"timestamp":"2026-03-31T22:02:43.563249Z","level":"info","event":"Filling up the DagBag from /opt/airflow/dags/asset_13.py","logger":"airflow.models.dagbag.BundleDagBag","filename":"dagbag.py","lineno":593}
{"timestamp":"2026-03-31T22:03:21.382971Z","level":"info","event":"Filling up the DagBag from /opt/airflow/dags/asset_13.py","logger":"airflow.models.dagbag.BundleDagBag","filename":"dagbag.py","lineno":593}
{"timestamp":"2026-03-31T22:03:55.977082Z","level":"info","event":"Filling up the DagBag from /opt/airflow/dags/asset_13.py","logger":"airflow.models.dagbag.BundleDagBag","filename":"dagbag.py","lineno":593}
{"timestamp":"2026-03-31T22:04:27.358689Z","level":"info","event":"Filling up the DagBag from /opt/airflow/dags/asset_13.py","logger":"airflow.models.dagbag.BundleDagBag","filename":"dagbag.py","lineno":593}
{"timestamp":"2026-03-31T22:04:59.608738Z","level":"info","event":"Filling up the DagBag from /opt/airflow/dags/asset_13.py","logger":"airflow.models.dagbag.BundleDagBag","filename":"dagbag.py","lineno":593}
{"timestamp":"2026-03-31T22:05:31.111396Z","level":"info","event":"Filling up the DagBag from /opt/airflow/dags/asset_13.py","logger":"airflow.models.dagbag.BundleDagBag","filename":"dagbag.py","lineno":593}
{"timestamp":"2026-03-31T22:06:01.728909Z","level":"info","event":"Filling up the DagBag from /opt/airflow/dags/asset_13.py","logger":"airflow.models.dagbag.BundleDagBag","filename":"dagbag.py","lineno":593}
{"timestamp":"2026-03-31T22:06:34.276455Z","level":"info","event":"Filling up the DagBag from /opt/airflow/dags/asset_13.py","logger":"airflow.models.dagbag.BundleDagBag","filename":"dagbag.py","lineno":593}
{"timestamp":"2026-03-31T22:07:12.897781Z","level":"info","event":"Filling up the DagBag from /opt/airflow/dags/asset_13.py","logger":"airflow.models.dagbag.BundleDagBag","filename":"dagbag.py","lineno":593}
{"timestamp":"2026-03-31T22:07:51.541218Z","level":"info","event":"Filling up the DagBag from /opt/airflow/dags/asset_13.py","logger":"airflow.models.dagbag.BundleDagBag","filename":"dagbag.py","lineno":593}
{"timestamp":"2026-03-31T22:08:24.329886Z","level":"info","event":"Filling up the DagBag from /opt/airflow/dags/asset_13.py","logger":"airflow.models.dagbag.BundleDagBag","filename":"dagbag.py","lineno":593}
{"timestamp":"2026-03-31T22:08:57.934400Z","level":"info","event":"Filling up the DagBag from /opt/airflow/dags/asset_13.py","logger":"airflow.models.dagbag.BundleDagBag","filename":"dagbag.py","lineno":593}
{"timestamp":"2026-03-31T22:09:35.811063Z","level":"info","event":"Filling up the DagBag from /opt/airflow/dags/asset_13.py","logger":"airflow.models.dagbag.BundleDagBag","filename":"dagbag.py","lineno":593}
{"timestamp":"2026-03-31T22:12:08.173314Z","level":"info","event":"Filling up the DagBag from /opt/airflow/dags/asset_13.py","logger":"airflow.models.dagbag.BundleDagBag","filename":"dagbag.py","lineno":593}
{"timestamp":"2026-03-31T22:12:56.101932Z","level":"error","event":"Process timed out, PID: 2154","logger":"airflow.models.dagbag","filename":"dagbag.py","lineno":134}
{"timestamp":"2026-03-31T22:13:34.477722Z","level":"error","event":"Failed to import: /opt/airflow/dags/asset_13.py","logger":"airflow.models.dagbag.BundleDagBag","filename":"dagbag.py","lineno":415,"error_detail":[{"exc_type":"AirflowTaskTimeout","exc_value":"DagBag import timeout for /opt/airflow/dags/asset_13.py after 30.0s.\nPlease take a look at these docs to improve your DAG import time:\n* https://airflow.apache.org/docs/apache-airflow/3.1.7/best-practices.html#top-level-python-code\n* https://airflow.apache.org/docs/apache-airflow/3.1.7/best-practices.html#reducing-dag-complexity, PID: 2154","exc_notes":[],"syntax_error":null,"is_cause":false,"frames":[{"filename":"/home/airflow/.local/lib/python3.12/site-packages/airflow/models/dagbag.py","lineno":405,"name":"parse"},{"filename":"<frozen importlib._bootstrap_external>","lineno":999,"name":"exec_module"},{"filename":"<frozen importlib._bootstrap>","lineno":488,"name":"_call_with_frames_removed"},{"filename":"/opt/airflow/dags/asset_13.py","lineno":1,"name":"<module>"},{"filename":"<frozen importlib._bootstrap>","lineno":1412,"name":"_handle_fromlist"},{"filename":"/home/airflow/.local/lib/python3.12/site-packages/airflow/sdk/__init__.py","lineno":134,"name":"__getattr__"},{"filename":"/usr/python/lib/python3.12/importlib/__init__.py","lineno":90,"name":"import_module"},{"filename":"/home/airflow/.local/lib/python3.12/site-packages/airflow/sdk/definitions/decorators/__init__.py","lineno":22,"name":"<module>"},{"filename":"/home/airflow/.local/lib/python3.12/site-packages/airflow/sdk/bases/decorator.py","lineno":301,"name":"<module>"},{"filename":"/home/airflow/.local/lib/python3.12/site-packages/attr/_next_gen.py","lineno":421,"name":"wrap"},{"filename":"/home/airflow/.local/lib/python3.12/site-packages/attr/_next_gen.py","lineno":366,"name":"do_it"},{"filename":"/home/airflow/.local/lib/python3.12/site-packages/attr/_make.py","lineno":1577,"name":"attrs"},{"filename":"/home/airflow/.local/lib/python3.12/site-packages/attr/_make.py","lineno":1486,"name":"wrap"},{"filename":"/home/airflow/.local/lib/python3.12/site-packages/airflow/models/dagbag.py","lineno":135,"name":"handle_timeout"}],"is_group":false,"exceptions":[]}]}
{"timestamp":"2026-03-31T22:18:38.810488Z","level":"info","event":"Filling up the DagBag from /opt/airflow/dags/asset_13.py","logger":"airflow.models.dagbag.BundleDagBag","filename":"dagbag.py","lineno":593}
{"timestamp":"2026-03-31T22:19:10.119183Z","level":"info","event":"Filling up the DagBag from /opt/airflow/dags/asset_13.py","logger":"airflow.models.dagbag.BundleDagBag","filename":"dagbag.py","lineno":593}
{"timestamp":"2026-03-31T22:19:40.400355Z","level":"info","event":"Filling up the DagBag from /opt/airflow/dags/asset_13.py","logger":"airflow.models.dagbag.BundleDagBag","filename":"dagbag.py","lineno":593}
{"timestamp":"2026-03-31T22:20:11.000513Z","level":"info","event":"Filling up the DagBag from /opt/airflow/dags/asset_13.py","logger":"airflow.models.dagbag.BundleDagBag","filename":"dagbag.py","lineno":593}
{"timestamp":"2026-03-31T22:20:41.453464Z","level":"info","event":"Filling up the DagBag from /opt/airflow/dags/asset_13.py","logger":"airflow.models.dagbag.BundleDagBag","filename":"dagbag.py","lineno":593}
{"timestamp":"2026-03-31T22:21:11.953770Z","level":"info","event":"Filling up the DagBag from /opt/airflow/dags/asset_13.py","logger":"airflow.models.dagbag.BundleDagBag","filename":"dagbag.py","lineno":593}
{"timestamp":"2026-03-31T22:21:42.486749Z","level":"info","event":"Filling up the DagBag from /opt/airflow/dags/asset_13.py","logger":"airflow.models.dagbag.BundleDagBag","filename":"dagbag.py","lineno":593}
{"timestamp":"2026-03-31T22:22:12.621736Z","level":"info","event":"Filling up the DagBag from /opt/airflow/dags/asset_13.py","logger":"airflow.models.dagbag.BundleDagBag","filename":"dagbag.py","lineno":593}
{"timestamp":"2026-03-31T22:22:43.501513Z","level":"info","event":"Filling up the DagBag from /opt/airflow/dags/asset_13.py","logger":"airflow.models.dagbag.BundleDagBag","filename":"dagbag.py","lineno":593}
{"timestamp":"2026-03-31T22:23:14.288224Z","level":"info","event":"Filling up the DagBag from /opt/airflow/dags/asset_13.py","logger":"airflow.models.dagbag.BundleDagBag","filename":"dagbag.py","lineno":593}
{"timestamp":"2026-03-31T22:23:44.789735Z","level":"info","event":"Filling up the DagBag from /opt/airflow/dags/asset_13.py","logger":"airflow.models.dagbag.BundleDagBag","filename":"dagbag.py","lineno":593}
{"timestamp":"2026-03-31T22:24:15.389982Z","level":"info","event":"Filling up the DagBag from /opt/airflow/dags/asset_13.py","logger":"airflow.models.dagbag.BundleDagBag","filename":"dagbag.py","lineno":593}
{"timestamp":"2026-03-31T22:24:45.818745Z","level":"info","event":"Filling up the DagBag from /opt/airflow/dags/asset_13.py","logger":"airflow.models.dagbag.BundleDagBag","filename":"dagbag.py","lineno":593}
{"timestamp":"2026-03-31T22:25:16.706108Z","level":"info","event":"Filling up the DagBag from /opt/airflow/dags/asset_13.py","logger":"airflow.models.dagbag.BundleDagBag","filename":"dagbag.py","lineno":593}
{"timestamp":"2026-03-31T22:25:47.704543Z","level":"info","event":"Filling up the DagBag from /opt/airflow/dags/asset_13.py","logger":"airflow.models.dagbag.BundleDagBag","filename":"dagbag.py","lineno":593}
{"timestamp":"2026-03-31T22:26:18.116112Z","level":"info","event":"Filling up the DagBag from /opt/airflow/dags/asset_13.py","logger":"airflow.models.dagbag.BundleDagBag","filename":"dagbag.py","lineno":593}
{"timestamp":"2026-03-31T22:26:48.512610Z","level":"info","event":"Filling up the DagBag from /opt/airflow/dags/asset_13.py","logger":"airflow.models.dagbag.BundleDagBag","filename":"dagbag.py","lineno":593}
{"timestamp":"2026-03-31T22:27:18.750301Z","level":"info","event":"Filling up the DagBag from /opt/airflow/dags/asset_13.py","logger":"airflow.models.dagbag.BundleDagBag","filename":"dagbag.py","lineno":593}
{"timestamp":"2026-03-31T22:27:49.245770Z","level":"info","event":"Filling up the DagBag from /opt/airflow/dags/asset_13.py","logger":"airflow.models.dagbag.BundleDagBag","filename":"dagbag.py","lineno":593}
{"timestamp":"2026-03-31T22:28:20.085977Z","level":"info","event":"Filling up the DagBag from /opt/airflow/dags/asset_13.py","logger":"airflow.models.dagbag.BundleDagBag","filename":"dagbag.py","lineno":593}
{"timestamp":"2026-03-31T22:28:50.869714Z","level":"info","event":"Filling up the DagBag from /opt/airflow/dags/asset_13.py","logger":"airflow.models.dagbag.BundleDagBag","filename":"dagbag.py","lineno":593}
{"timestamp":"2026-03-31T22:29:21.356086Z","level":"info","event":"Filling up the DagBag from /opt/airflow/dags/asset_13.py","logger":"airflow.models.dagbag.BundleDagBag","filename":"dagbag.py","lineno":593}
{"timestamp":"2026-03-31T22:29:51.529934Z","level":"info","event":"Filling up the DagBag from /opt/airflow/dags/asset_13.py","logger":"airflow.models.dagbag.BundleDagBag","filename":"dagbag.py","lineno":593}
{"timestamp":"2026-03-31T22:30:21.876468Z","level":"info","event":"Filling up the DagBag from /opt/airflow/dags/asset_13.py","logger":"airflow.models.dagbag.BundleDagBag","filename":"dagbag.py","lineno":593}
{"timestamp":"2026-03-31T22:30:53.922740Z","level":"info","event":"Filling up the DagBag from /opt/airflow/dags/asset_13.py","logger":"airflow.models.dagbag.BundleDagBag","filename":"dagbag.py","lineno":593}
{"timestamp":"2026-03-31T22:31:27.808376Z","level":"info","event":"Filling up the DagBag from /opt/airflow/dags/asset_13.py","logger":"airflow.models.dagbag.BundleDagBag","filename":"dagbag.py","lineno":593}
